Drill Listing
=============
Drill: .01969  Tool: 1  Feed: 95  Speed: 300
X 107874  Y 93307
X 111417  Y 106692
X 119291  Y 106692
X 127165  Y 106692
X 138582  Y 95275
X 145275  Y 94488
X 129133  Y 78937
X 125984  Y 65748

Drill: .035  Tool: 2  Feed: 197  Speed: 550
X 100000  Y 60000
X 100000  Y 70000
X 114488  Y 70078
X 100000  Y 80000
X 100000  Y 90000
X 100000  Y 100000
X 144488  Y 70078
X 134488  Y 70078
X 159055  Y 59842
X 159055  Y 69842
X 159055  Y 79842
X 159055  Y 89842
X 159055  Y 99842

Drill: .037  Tool: 3  Feed: 197  Speed: 550
X 123622  Y 88425
X 123622  Y 98425

End of Listing
