:10400000B240805A20013F4080B13E4000113D4007
:104010006A110D9E0524FE4F00001E530E9DFB2BC2
:104020003F406A113D40961A0D9F0524CF43000082
:104030001F530F9DFB2B3040B84D30403E400013C6
:104040000000100050009000D000F0000C000000B4
:104050000C0000001B0104001B0104000F4212C3EE
:104060000F100F110F115FF332C203437FF3304182
:104070004F93012432D230410F120E120D120C1246
:10408000B01294403C413D413E413F41B1C0F0003F
:10409000000000131F4262018F105FF302241F42D1
:1040A000720130411F4264018F105FF302241F42EE
:1040B000740130411F4266018F105FF302241F42DA
:1040C000760130410F120E120D120C121F422E01FA
:1040D00012C34F107FF31F930B242F9303340F93BE
:1040E00004240B3C2F930724083CB0129440053C59
:1040F000B012A440023CB012B4403C413D413E41AC
:104100003F41B1C0F000000000130F120E120D125B
:104110000C124F43B0122A413C413D413E413F41C8
:10412000B1C0F0000000001330414E4F7FF33F92CA
:10413000902C0F5F104F3841484178419641CE4155
:1041400014422442344244421F4282018F105FF3E2
:1041500003241F4292013041B2F0EFFF82018293AB
:104160002E1207208293301204206F43B0125A425D
:104170003041B012AE4230413E4084012F4E8F108C
:104180005FF36A241F4294019EC30000AEC3000087
:10419000B012808E30411F4286018F105FF30324DE
:1041A0001F4296013041B2F0EFFF8601829308155D
:1041B0000B2082930A1508205F4216110F934C20A2
:1041C0005F43B0120A483041B012DA4830411F4212
:1041D00088018F105FF303241F4298013041B2F031
:1041E000EFFF880182939E1512208293A0150F2065
:1041F000B0125A91929326112F20A2432611B01289
:10420000744DB012844D4F43B012324C3041B01255
:10421000CE4630411F428A018F105FF31D241F429A
:104220009A0130411F428C018F105FF315241F4209
:104230009C0130411F428E018F105FF30D241F42FD
:104240009E01304192534E159253581582635A1570
:1042500030414F4EB012284130410B124B4FB0123B
:104260005C404D4F0E434F4BFF93DA140320C29B2B
:104270008F1A01201E430F434E930D20F293F6191F
:104280000320C24BF619043C5F428F1ACF4BDA145D
:10429000C24B8F1A1F434F9303207B400500013C04
:1042A0004B434F4DB01270404F4B3B4130410B12CE
:1042B0000A1209120812B012AC430A4E0B4F1E42EA
:1042C0008E111F4290111E522E121F623012084E84
:1042D000094F088A097B0C4A0D4B1C828E111D72F6
:1042E000901108280C4E0D4F1C828E111D729011DA
:1042F0000F28073C0C4E0D4F1C828E111D72901121
:10430000052C0C4A0D4B0C8E0D7F022808430943E7
:104310000C480D493C8001040D7314280E4A0F4BC4
:104320003E5000040F63824E8E11824F9011385020
:1043300000FC396382482E12824930123840000452
:1043400009430A3C92522E128E1192623012901141
:1043500082432E12824330120B4A0B5B0B5B0B5BCA
:104360000B5B0B5B0F480F5F0F5F0F5F0F5F0A4F19
:104370000A5AB01222440E4F0E8B0E9A042C0A8E4B
:104380003A900300042CB01222442F53013C0F5AE0
:10439000824F92013F4082019FC30000BFD01000B6
:1043A0000000384139413A413B4130410B120A1279
:1043B0000912B0125C40494F1A4258151B425A1557
:1043C000B01222440E4F1F4280015FF37FF34F93E0
:1043D00005241A530B63B01222440E4F0F4E12C322
:1043E0000F100F110F110F110F110C4F0D430E4A2B
:1043F0000F4B4FEE0FEE8F107EF38E100E5E0F6F91
:104400000E5E0F6F0A4E0B4F0A5A0B6B0ADC0BDD68
:104410004F49B01270400E4A0F4B39413A413B416F
:1044200030411E4290013D4090010F4E2E4D0F9E97
:10443000FC230F4E30410B120A1209120812B0125F
:104440005C40484F19424E15B01222440E4F1F4295
:1044500080015FF37FF34F9304241953B012224479
:104460000E4F0F430B490A430ADE0BDF4F48B012D1
:1044700070400E4A0F4B384139413A413B4130417F
:104480003E408401BEF0EFFF0000E2D31F009EC358
:104490000000AEC300003FF003008F100F5F0F5FFE
:1044A0000F5F0F5F0F5F0F5F3FD000018E4F000067
:1044B000BED0100000000F433041B0125C40E2C299
:1044C0001D00B012704030410B120A12091208127E
:1044D00007120612094F474E4B4C084DB0125C4074
:1044E0004A4F4E434F43B01246454F9305244F4A1F
:1044F000B01270400F43203C4F4AB01270404F47FB
:10450000095F4F497FD080FFB0127245474F0F4976
:1045100012C30F107FF0C0FFB01272454B930B24F3
:104520004A4B4F4B0E4A0E8F0F4E0F586F4FB01223
:1045300072457B53F6234F47364137413841394165
:104540003A413B4130410B120A1209124B4F4A4E7D
:10455000B0125C404E4F49434F4BCF9A4619012051
:1045600059434F4EB01270404F4939413A413B4197
:104570003041C24F77005F4202007FF040000224CA
:104580001F43013C0F437FF34F93F527F2F0BFFF2A
:1045900002005F4276007FF33041B0125C40E2D20D
:1045A0001D00B012704030410B120A12091208129D
:1045B0004B4FB0125C40484FC29B29111324B012DC
:1045C00070401F43343CC24C29111F430E930324F7
:1045D0000F5F1E83FD23C2CF28117F401000B01251
:1045E0005A42213CF2432911C293281114244C430E
:1045F000594228117A400500B01238B04C4E7EF373
:104600000D4E0F490D9303240F111D83FD231FF33E
:10461000DA235C53EF3FB0125C40C2434619B0123C
:104620007040B01238464F48B01270400F433841C6
:1046300039413A413B413041C29328110920F2935C
:10464000291106204E434F43B01246454F93022096
:104650001F433041D2435D19C293BE140224C243AA
:104660005D19C2935D1905244F43B0129C8D0F4311
:1046700030413F4005003041F2F0BFFF04003F40B1
:104680001B00EFC30000EFC20000FFC2000030417A
:104690000B120A120912081207120A4E0B4F084C8D
:1046A000094DB0125C40474F824A8C15824B8E15E3
:1046B00082489E158249A015B012CE464F47B012CF
:1046C00070403741384139413A413B4130410B124A
:1046D0000A1209120812B01236440A4E0B4F1E423B
:1046E0008C151F428E151E529E151F62A015084E76
:1046F000094F088A097B0C4A0D4B1C828C151D72D0
:104700008E1508280C4E0D4F1C828C151D728E15AF
:104710000F28073C0C4E0D4F1C828C151D728E15F8
:10472000052C0C4A0D4B0C8E0D7F022808430943C3
:104730000C480D493C8001800D7314280E4A0F4B24
:104740003E5000800F63824E8C15824F8E1538507C
:104750000080396382489E158249A0153840008048
:1047600009430A3C92529E158C159262A0158E1533
:1047700082439E158243A0150B4A0A48B012224478
:104780000E4F0E8B0E98042C0A8E3A900300042CC8
:10479000B01222442F53013C0F5A824F98013F40E0
:1047A00088019FC30000BFD010000000384139418C
:1047B0003A413B4130410B124B4F92433211C243BD
:1047C000BE14B0123846B0125C40C24B2411B01275
:1047D00070407F400D00B0125A423B4130410B12F5
:1047E0000B4FCF432D003F502E00CF430300CF434C
:1047F0000200CF4301003C4000800D430E4C8E1060
:104800007EF3CB4E2E003B4130410B120A124B4F30
:10481000B0125C404A4FB012AA484F9B3F205F4203
:10482000DF157FF209248293941506204F4AB012B7
:1048300070403F400600363C5F42DF157FF02000AD
:1048400006244F4AB01270403F4005002B3CF2D086
:104850002000DF15C24BA8115F4280003FF00F001F
:10486000B01292A3B2D01000A001B2D00300A001F8
:104870005F42DF157FF040000C243F4064018F430E
:104880000000AF420000BF40E00000001F43B01234
:10489000BC484F4AB01270400F43043C4F4AB0121C
:1048A00070401F433A413B413041E29313110324CE
:1048B0003F40FF0030415F42141130413E406001F3
:1048C0002D4E3DF0CFFF0F5F0F5F0F5F0F5F3FF08B
:1048D00030000DDF8E4D000030410B120A1209121C
:1048E0000812B012AC430A4E0B4F1E42FE141F4278
:1048F00000151E5208151F620A15084E094F088A36
:10490000097B0C4A0D4B1C82FE141D7200150828F1
:104910000C4E0D4F1C82FE141D7200150F28073C13
:104920000C4E0D4F1C82FE141D720015052C0C4AF6
:104930000D4B0C8E0D7F0228084309430C480D498E
:104940003C8001040D7314280E4A0F4B3E500004A6
:104950000F63824EFE14824F0015385000FC3963FD
:104960008248081582490A153840000409430A3C68
:1049700092520815FE1492620A150015824308151A
:1049800082430A150B4A0B5B0B5B0B5B0B5B0B5BF0
:104990000F480F5F0F5F0F5F0F5F0A4F0A5AB01289
:1049A00022440E4F0E8B0E9A042C0A8E3A9003006E
:1049B000042CB01222442F53013C0F5A824F96010F
:1049C0003F4086019FC30000BFD010000000384167
:1049D00039413A413B4130410B120A120912B012DF
:1049E0005C40494FB0121C4A0C4E3A404600B0128F
:1049F00054B00F4E3F500B00824F8C1A1A428C1A43
:104A00000B43B01236440C4A0D4BB01290464F493E
:104A1000B012704039413A413B4130410B120A1209
:104A20000912B0125C40494F1C4276151D427815A0
:104A30000E430F4303120312031230124E83B012BF
:104A4000D0B031520A4C0B4D12C30B100A100C4E51
:104A50000D4F0E430F430A5C0B6D0E4A0F4B0EF3C6
:104A60003FF000800FDE0F9304243BF0FF7F1A53CA
:104A70000B63824A7615824B78154F49B01270400D
:104A80000E4A0F4B39413A413B4130410B127F40B6
:104A90000300B012AA4A4B4F4F9304247F400300F7
:104AA000B012324C4F4B3B4130410B120A120912EB
:104AB0004A4FB0125C404B4F5E434F43B012384BED
:104AC0004F9306244F4BB01270403F400500303CDE
:104AD0004F43B0126E4B4F930424C24A29114943ED
:104AE000233C4943C2932C111120E2432C11C249AB
:104AF0006916B012844BC2992D1106203F40021155
:104B0000B012B44B0F43033CC2432C111F431FF39D
:104B1000494F4F930320C24A2911063CB0125C4012
:104B2000C2434619B01270404F4BB01270404F490B
:104B300039413A413B4130410B120A1209124A4FA6
:104B40004B4E5943B0125C404E4F4B9304244F4A96
:104B5000CF93461904204F4ACF4B461949434F4E35
:104B6000B01270404F4939413A413B413041C29FF8
:104B70002D110620F29003002C1102201F4330411A
:104B80000F433041D2932D111320D2932C110520C5
:104B90007F401200B0125A42093CE2932C110820C7
:104BA000D24269162D11F24003002C110F433041FF
:104BB0001F4330410B120B4FB0125C404D4FD2439C
:104BC0007000F2F0DAFF7000D2437000F2F03F00A4
:104BD00004003E401B00FEF0EFFF0000FEF0DFFF90
:104BE00000005F4B02007FD00500C24F7000D24B27
:104BF000030071002F4BC24F74008F107FF3C24F20
:104C00007500C2437300EED30000EED20000FED266
:104C10000000F2D040000400D2C37000F2F03F0068
:104C20000200F2F03F0000004F4DB01270403B41D7
:104C300030410B120A124B4FB0125C404A4F5E4398
:104C40004F43B012384B4F931020C24B29114F43A2
:104C5000B0126E4B4F9305247F401000B0125A42A1
:104C60000D3C4F43B012228E093C4E4B1F430E9316
:104C700003240F5F1E83FD23C2DF28114F4AB012A9
:104C800070400F433A413B4130410B120A125B43E3
:104C9000B0125C404A4FB29232111B207F40090093
:104CA000B0123E4D7F400300B012A845B0129A45A5
:104CB00092433211B0125C40F24003002411B01252
:104CC00070407F400D00B0125A424F4AB0127040FF
:104CD000333CB012BA44C293911A03247F400500BA
:104CE000013C6F42B0123E4D7FF206204F43B0129E
:104CF0003E4D7FF201244B434B9303243F4003007E
:104D0000023C3F400500824F3211B0129A454F4A93
:104D1000B01270404B930924C2438C117F400300B2
:104D2000B012A845B012D849073CB01236443C40F6
:104D300040010D43B01290463A413B4130410B12C5
:104D40000A124A4FB0125C404B4F4E434F43B012D1
:104D500046454F9305244F4BB01270400F43073C1C
:104D60004F4BB01270404F4AB01272457FF33A4138
:104D70003B413041B0125C40F2F0BFFF1D00B01269
:104D800070403041B0125C40F2D040001D00B012C3
:104D9000704030410F120E120D120C121F421E01F4
:104DA00012C34F10B0122A413C413D413E413F41A8
:104DB000B1C0F000000000133140FC38B0125C407C
:104DC000474F3D4022003E40FF003F40DA14B01202
:104DD0008EAFF243F619F2438F1AA242600182436A
:104DE0002E01A242800182431E01B24020026001D6
:104DF000B24020018001F24084FF5700C2435800B6
:104E0000B24000408201B01260A25F4257007FF0C2
:104E100007007FD080FFC24F5700E2425800E2C334
:104E2000000082437001B24002026001824390019F
:104E3000B240020180011F4260013FF0CFFF3FD02E
:104E40002000824F60011F4280013FF0CFFF3FD022
:104E50002000824F8001B01220813F403200FFD0FD
:104E600010000000FFD020000000FFD04000000034
:104E70003F403100FFD010000000FFD020000000B4
:104E8000FFD040000000B01208534F93FC230B43A7
:104E90003940A6140F4B0F5F0D4F0D590A4B3C4084
:104EA0003400B01202B00F4E3F5078168D4F000004
:104EB0001B533B900A00EE3BF2400A00BA14C24377
:104EC000561A4E433D4090154F4E0F5F0F5DCF4336
:104ED00000005E536E93F82BC2430219C243821541
:104EE000C2438415C243FD198243921AC2430E1A6B
:104EF000C2436716C2436519C2436419C2435F15B2
:104F0000C2430A19C2436C19C24360158243EA15B1
:104F1000C243E315C243E2154F434F9302200F43B0
:104F2000013C1F43C2438315C243DA154F9302204D
:104F30000F43013C1F434C4F0D433B40DC190F4DC9
:104F40000F5F0E4F0E5B0F5F3F50D2188E4F000069
:104F50001D533D900C00F33BF2400C00901AC243ED
:104F600006194C9302200F43013C1F43494F0B434A
:104F700038406E110F4B0F5F0D4F0D580A4B3C40E0
:104F80003400B01202B00F4E3F5032128D4F00006D
:104F90001B533B900C00EE3BF2400C006616C243E4
:104FA0005215499302200F43013C1F43F2439615CB
:104FB0004F9302200F43013C1F434C4F0D433B4096
:104FC00094110F4D0F5F0F5F0E4F0E5BBE4300003D
:104FD000CF4396111D532D92F43B4C9302200F4367
:104FE000013C1F434B4FB0121C4AC24E5F194B93FA
:104FF00002200F43013C1F434B4F1F4200111F5320
:10500000824F7615824378154B9302200F43013C63
:105010001F43B24090196C114F9302200F43013C83
:105020001F434B4FF2F0EFFF22003F401E00EFD234
:105030000000EFC300004B9302200F43013C1F43CD
:105040004B4F3F408801BFF0EFFF0000BF400040E2
:1050500000004B9302200F43013C1F43F2430F1506
:105060004F9302200F43013C1F434E4F0F43CF434A
:1050700046191F532F92FB2B4E9302200F43013CE6
:105080001F434B4F3F401E00EFD20000FFD04000B7
:105090000000FFD020000000B0126260824F861531
:1050A000D24230116215C2436315F2401F00441909
:1050B000F2400D005C19D2430E15C243081AD243C8
:1050C0006415C24353194B9302200F43013C1F4305
:1050D0004B4FC2434411C243451182437E15824364
:1050E0008015C243DE15B243561982435819C24394
:1050F0005A19C2435B19C2430415B0126260824F51
:10510000A611B012C66C7FF34E4F3F40581AB01232
:10511000CE5E824F6A16B012C66C4B9302200F43CC
:10512000013C1F434B4F0D433C4054190F4D0F5F43
:105130000E4F0E5C0F5F3F5054158E4F00001D53F5
:105140001D93F43BB24012155C15B0126260824FA1
:105150006019C24386114B9302200F43013C1F4349
:105160004C4F4D434F4D0E4F0E5E0E5E0E5E0F5F69
:105170000F5F0E5FCE43F3155D537D900A00F22B57
:10518000F243D8194D433C40FA194F4D0E4F0E5E75
:105190000F4E0F5C3E50A4148F4E00005D535D9384
:1051A000F423C243E115B012B2789142A00100008D
:1051B000E1D20000F1D20000A241A0013F408201F3
:1051C000BFF0EFFF0000BF4000400000B0120853E6
:1051D0004F93FC234F47B012704032D21F42001150
:1051E000C24F69158F10C24F6815F24063006715F2
:1051F000C2436615B24010270615B012EC8A4F93D1
:105200002A20E2D33C11C29345111720D243451105
:10521000B2408000481182434A11B012485EB01279
:10522000AC4343120312301200200D4E0E4F7F404C
:105230000500B012985C315006004F434F93022096
:105240000F43013C1F434F9302200F43013C1F4378
:105250007FF34F930224B0124A5AB0125C404B4F76
:10526000173CC2930E110824B012CCA26E426F926A
:10527000012C4E4FC24E0F115F420F110F5F1F4F97
:1052800040403FD2814F020012D1020032C203439C
:10529000F293F61910245E42F6195F42F619D24FC6
:1052A000DA14F619F293F6190220F2438F1A4F4ED0
:1052B000FF43DA14023C3F40FF004A4F7F93D1275F
:1052C0004F4BB01270404F4AB0124453C63F215268
:1052D0003040FEAF0D4F5E4257007EF0F8FF8F105A
:1052E0007FF007004EDFC24E5700C24D56003041DE
:1052F0004F930324E2D31900023CE2C31900F2D217
:105300001900F2C219003041F293F61910245E42DE
:10531000F6195F42F619D24FDA14F619F293F6191C
:105320000220F2438F1A4F4EFF43DA14023C3F40F3
:10533000FF007F9302200F433041B01244531F43BC
:10534000304130410B120A12091208120712218350
:105350004E4F7FF33F90220002283040C8590F5F24
:10536000104F6453A853D053D85316541E54465468
:105370008654AC54DE5434553E5568550056185684
:10538000BA56C056CA566E579857CA579858BA5800
:10539000C058C658DC58E258E858EE584C5956598F
:1053A0007459A659AC59B259F243AC15F243AB1536
:1053B000F2406300B1155D42E0153E40A6154F4333
:1053C000B01212A14F930420D24311113040CE5994
:1053D000B01244663040CE59C2932C121620B0123F
:1053E0005C401A428E111B4290111A522E121B62FF
:1053F0003012B0127040C2432C121C424C191D4294
:105400004E190E4A0F4BB0127478B012AC43B01262
:1054100062773040CE59B012C8823040CE595F42D8
:1054200050190F9303204F43B012606F1E42041AAD
:105430005F4250190F9302243040CE594F43B012AF
:105440005C743040CE59B0125C40D242FC19141149
:10545000E2431311B01270405F4214111F930C24E9
:105460002F9304340F9306243040CE592F930624F3
:105470003040CE594F43033C5F43013C6F43B01271
:10548000C4743040CE59F293151102203040CE59E9
:105490003F400500B0120EA44F930420F2431511B3
:1054A0003040CE597F400600304050595B421611C3
:1054B000B0125C404E4F7BF30F4B0F5F8F43A41431
:1054C0000D4F3D50A4148F4DFA194F4EB01270403D
:1054D000D24316110B9302243040CE59263C5B4236
:1054E0001611B0125C404E4B0E5E1A4EA414B01250
:1054F00070400A9304241A4A02000A93FC23B01253
:105500005C404E4F7BF30F4B0F5F8F43A4140D4F46
:105510003D50A4148F4DFA194F4EB0127040D24333
:1055200016110B9302243040CE595F43B012606FC6
:105530003040CE59B0125C4082437C152A3DB012F7
:105540005C40D24203191A11F24003001911B01243
:1055500070405F421A110F9302243040CE594F43DE
:10556000B012625C3040CE59B0125C404B4F5F438A
:10557000B012804492433211C2433411C243BE146C
:10558000C2430C154F4BB0127040B0125C404B4FF1
:10559000B0127E6E9243FC14C2435E15D2C3250046
:1055A000D2C32300D2D32400D2D325004F4BB01254
:1055B0007040B012B88CB0121C8DB0125C40E24347
:1055C0004719B01270404B43D2434411C293451166
:1055D0000224B0121C4A4B930E20E2D23C110F431E
:1055E000C2933F1101201F437FF34F9304207F405C
:1055F0001500B0125A424F4BB01296813040CE592E
:10560000B0125C40C2434719B0127040C24344110B
:10561000E2C23C113040CE59B0125C405A422411D3
:10562000B01270407E4003005F43B01246454F9376
:105630002A24B0125C404B4F82433211B2F0EFFF8C
:105640008801B2F0EFFF8401E2C31F007F40030036
:10565000B012A845B0129A454F4BB0127040B0122C
:10566000E49582432611B012744DB0125C40F2F002
:10567000DFFF1D00B0127040B012844D7F400C005F
:10568000B0125A42063CB0125C40E2434719B012D5
:1056900070401B42A415B0127C620F4BB0120E6A10
:1056A0007F903F009421F24336110F4BB012905F70
:1056B0004D4A0E4BB012DE698A3DB0120A8C873D0E
:1056C000B0125C40C2438E1A643CB0125C405B4234
:1056D0002911B01270407BF32B932F243B900300D1
:1056E00005340B9309241B930C24713D3B9003005C
:1056F00038242B9239246B3DB012BA44B012468C38
:10570000663DB012BA447F400600B0123E4DB01262
:10571000966EB012C66EB0121C6FB0129A45B012DF
:10572000BA447F400300B0123E4DB0129A455F4329
:10573000B012A8457F400F000B3D81430000B0121E
:10574000BA440E417F401300B012408DB0129A450A
:105750006F43B012A845B1507F000000C143010063
:10576000363DB012E891333DB012986D303DB01225
:105770005C404B4F1A4204191E42F8191D429C15F9
:105780005F4280180F9304204C430F4AB0120E6EF4
:105790004F4BB01270401B3DB0125C40D2426916B4
:1057A0002D11F24003002C11B01270405F422D11F8
:1057B0000F9304203F400211B012B44B5F422D11F1
:1057C0000F9305217F401000C33C1E426C11694EAF
:1057D0004F490F5E6D4F4D5D4D434D6DCE4D2B00CE
:1057E0006D4F7DF07F00CE4D2900DE4FFFFF28007A
:1057F0001A426C11B012F68B4F9302201F43193CD2
:105800000743084A385006005F4801008F105E4A7F
:1058100006000B4F0BDEB012FA690B9F08245F489D
:1058200001008F105E4A06000FDE3F9301201743F0
:105830000F474F93282479900D0025281B426C11A7
:10584000084B38500C0047497750F3FF5F4B090075
:105850008F105E4B08000A4F0ADE5F4B0300494F72
:105860004E4F0F4AB01278A54F9302240F4B093CBC
:105870004E490F4AB012BAA54D470E480F4BB01211
:105880000896824F6C11B0125C40C2435E15B01294
:105890007040B012FC6C9B3CD29236117A15972462
:1058A000D2427A1536115F427A150F930320B01257
:1058B000A4698D3CF24336118A3CB0127897873C3C
:1058C000B0128099843C5F4242110F5F5D431E4FCE
:1058D00088115F424211B0122267793CB012349AAB
:1058E000763CB012A29B733CB012EA9C703C4F43D2
:1058F000B0121C5C5F4268158F105E4269150FDEA6
:105900000C4F3A40F401B01254B00E930220B01282
:10591000009A3E40181AEEB300004F434F637FF3E6
:105920004F930224EEC300001A4206150B43B01237
:10593000AC4343120B120A120D4E0E4F4F43B012DE
:10594000985C31500600C2430D15413C7F401D005C
:10595000B0125A423C3C4F43B012DC5B4F933724A9
:105960008293621934208293501531204F43B01234
:10597000088A2D3C82435811B0125C405B425C1196
:10598000B0127040C2935D1102247B4003001E429E
:1059900056114D4B5F425E110F9319205F4E0B0065
:1059A000B012FEA0143CB012C09F113CB0128AA1EC
:1059B0000E3C5F4266110F5F5D431E4F061A5F4249
:1059C0006611B012B45A033C4F4EB01242532153E9
:1059D0003741384139413A413B413041C2431111CD
:1059E0000F43C293691101201F437FF34F932C2073
:1059F0005F4267110F5F1F4FC4190E43C2936911B5
:105A000001201E434E930A20D2536711F2900A00E0
:105A100067110220C2436711F25369110F930E24DC
:105A20003C40A6150E4F3D403400FC4E00001C5378
:105A30001D83FB23B012825A4F930324B0124A5A9B
:105A400030414F43B0125A4230410B12B0125C4009
:105A50003B403100FBF0EFFF0000B0127040B0128D
:105A60005C40FBF0DFFF0000B0127040B0125C4001
:105A7000FBF0BFFF0000B0127040E2C3181A3B41B8
:105A800030410D4FF2900A00BA1402281F433041F2
:105A90005E42561A5F42BA140E5F3E900A00022818
:105AA0003E50F6FF0F4E0F5F8F4DA614D253BA141F
:105AB0000F4330410B120A12091208120712494F04
:105AC000084E474D7FF30F5F8F43061AC24366119E
:105AD0004D433C40061A5F4266110F5F0F5C8F9387
:105AE000000013245E4266114F4E12C34F104F1137
:105AF0004F117FF35F4FF4193EF007000E9303241C
:105B00000F111E83FD231FF30524C24366115D534D
:105B1000E227023C4D930224D2436611C2936611E0
:105B200015201B42061A5A4B0B000F4BB012665B36
:105B30000E4F5F4B09004C4F0D4B4F4AB012765B36
:105B40004F9304247F402100B0125A424F490F93D3
:105B500004204E470F48B012DC59374138413941D3
:105B60003A413B4130410E4F5F4F05008F105E4E72
:105B700006000FDE30410B120A124A4F0F4E0B4D3A
:105B80000E4D3E5005007C901D0002282F430F3C17
:105B9000CE4F01008F10CE4F0000CE4A0600CE4CF3
:105BA00004004D4C0E4B4F43B01216A07FF33A4108
:105BB0003B4130410B12B0125C404B4FC2930E1A66
:105BC00008207F401A00B0125A424F930220D2435D
:105BD0000E1A4F4BB01270403B4130410B124B4FED
:105BE000B0125C40C29B1A110820F29003001911F8
:105BF0000420B01270401F43033CB01270400F43AA
:105C00003B413041F2F0EFFF05003F403300EFC36E
:105C10000000EFC20000FFC2000030410B124B4FEA
:105C2000B0125C40C29319111720E2431911C24B04
:105C30000319B0127040B012C289C29B1A11082019
:105C40004F4B0F9303204F43B012625C0F43073C4E
:105C5000B0125C40C2431911B01270401F433B4167
:105C600030417FF30F9303203E401C11023C3E4025
:105C700006112F4E12C30F10C24F68160F4EB012EE
:105C8000D488B0125C40F2F0CFFF0300F2D03000B5
:105C90000100B012704030410B120A1209120812B2
:105CA00007123C400C000C514B4F094D0A4E374C2B
:105CB000384C2C825D4C04007FF30F5F0F5F4E4B1E
:105CC0000E5E0F5E0F5E0F5E0E4F3E50101A8F4934
:105CD000101A8F4A121A8E4704008E4806004F4D44
:105CE0005FF3DEC30800CEDF0800EED308007F407C
:105CF0000300B0125A423741384139413A413B41E1
:105D000030410B124B43B0125C40F2900A00021972
:105D10000420E2925F1501205B43B01270404B9368
:105D200009247F401C00B0125A42B0125C40C243AA
:105D30004C11043CB0125C40D2434C11B012704084
:105D40003B413041D2C36511F2407E0003151D4333
:105D50003E4003154F43B0125E5D7FF330410B129E
:105D60000A1209124B4F094E0A4D7FF30F9304207C
:105D70004F43B012DC5B013C5F434F9302240A9314
:105D800002201F43143C8293501503243F4005001A
:105D90000E3C82495015824A941A82439211C24B9A
:105DA00097156F4992439211C24F7F000F433941BB
:105DB0003A413B413041B012E05D7F930F247FF3C5
:105DC0000E4F0E5E0E5E0E5E0F5F0F5F0E5F5F4E3C
:105DD000F3156FF303241F4EF61530413F43304156
:105DE0000B120A120B4F4C433A40EE154D4C0E4D20
:105DF0000E5E0E5E0E5E0F4D0F5F0F5F0E5F5F4E0D
:105E0000F3155FF306240F4E0F5A2B9F02200F4D00
:105E1000063C5C537C900A00E92B3F40FF003A416E
:105E20003B413041B012E05D7F9302201F4330417F
:105E30007FF30E4F0E5E0E5E0E5E0F5F0F5F0E5F06
:105E4000FED2F3150F4330410B120A120912081249
:105E50001E4248111F424A1112C30F100E10824EEB
:105E60004815824F4A15B0121C4A0C4E0D4F1A426B
:105E700048151B424A15B012A6B01E5248151F62A3
:105E80004A15824E4815824F4A15C2435E190D4E7F
:105E90000E4F6F42B012A25E384139413A413B4148
:105EA00030410B120A120912494F0A4D0B4EB01223
:105EB000AC4353120B120A120D4E0E4F4F49B01243
:105EC000985C3150060039413A413B4130410D4F19
:105ED0004F4E6F537F901D00042C0F4D3F500C0010
:105EE000013C0F430F9301242F5330414F434F9EEA
:105EF000032C5F534F9EFD2B30410D4FCD4E0B00B9
:105F000030410B120A120912081207124A4F094EA9
:105F1000484D6F9302281F432E3C7FF30F5F8F93F2
:105F2000881103243F400500263C4F4A0F5F074F6E
:105F300037508811874E00004E4D0F49B012825FD6
:105F4000E293421117280F49B012905F4B4F0F494F
:105F5000B012965FC24A42114C480D490E4F4F4B4A
:105F6000B012A65F4F930424E2434211874300001E
:105F70007FF3013C0F433741384139413A413B41BE
:105F800030410D4F4F4E7F500D00CD4F000030413E
:105F90005F4F0B0030410E4F5F4F07008F105E4E7A
:105FA00006000FDE30410B120A1209120812071206
:105FB000074D484C7C901D0002282F434C3CCD4F90
:105FC0000B00CD4E06000F4E8F10CD4F07000A4D2F
:105FD0002A52B0125C401B426215B0127040C74B8F
:105FE00004000F4B8F10CA4F01000B473B52B012F9
:105FF0006260C74F08008F10CB4F0100C29336116B
:1060000003203F400900033CC24336110F434F9326
:106010000E207E403F000F47B01290604E480F4761
:10602000B01298604F931624F2433611133CC248C5
:106030009A15C2439B1582473A117F401400B01253
:106040005A42C293361103203F400900033CC24329
:106050007A150F437FF33741384139413A413B418B
:1060600030410B12B0125C401B422E11B012704036
:106070000F4B3B4130410B12B0125C404B43F2934B
:10608000371101205B43B01270404F4B3B41304110
:106090000D4FCD4E0A0030410B120A120B4F4A4EE3
:1060A0005E436F43B012384B4F9312205F425F192B
:1060B000D2535F19CB4F03004E4A0F4BB012268BC1
:1060C0007FF34B4F4F930224B0127C624F4B023C44
:1060D0003F4005003A413B4130410B120A12091280
:1060E0001A4272155B4A2A004B9302207B401F0024
:1060F000B012BA44C29B0C150A240F4B3FF01F008C
:106100003FD0E0800E4F7F401500B0125C61C24B63
:106110000C15094A6A4A7A53B0125C404B4F4E4301
:106120004F43B01246454F9304244F4BB01270407A
:10613000113C4F4BB0127040B2403E0088155F4298
:106140008815B01272454F4A0C4F0D430E494F430C
:10615000B012A86139413A413B4130410B120A1259
:1061600009124A4F094EB0125C404B4F4E434F4309
:10617000B01246454F9305244F4BB01270400F4369
:106180000F3C4F4BB01270404F4AB01272450F494E
:106190008F107FF3B01272454F49B01272457FF3F2
:1061A00039413A413B413041C24F8018824E041977
:1061B000824DF819824C9C15824374150C930D2462
:1061C000B0125C40F2F0BFFF0200F2D040000000CD
:1061D000B0127040B012E661043C7F401100B01272
:1061E0005A420F433041B0125C404C4F8293041925
:1061F00006241F4204191F5274156F4F013C4F4370
:10620000C24F77005E4274156E534F4E829F9C15AD
:10621000022C5E429C15925374154F4E829F74154A
:10622000292C0D4F5F4202007FF0400002241F43E3
:10623000013C0F437FF34F93F5275F4276004E4FAB
:106240008293F81906241F42F8191F527415CF4E75
:10625000FFFF8293041906241F4204191F5274156C
:106260006F4F013C4F43C24F770092537415829D8C
:106270007415D82B4F4CB01270403041B0125C40B6
:10628000C2434819B012704030410B120A120B4F32
:106290004F4E5E423D110E5E1A4EC0144F930524C0
:1062A0003E401C003F401C002C3C5F423C117FF2F2
:1062B0003824CB932C0035200F4BB012965FB012D0
:1062C000E05D7F9313244E4F0E5E0E5E0E5E7FF3F5
:1062D0000F5F0F5F0E5F0F4E3F50EE15DF530B0049
:1062E000FF9005000B000228B012B2637F40180037
:1062F000B0125A42FA53030007243E4007003F40C1
:106300000700B0128063393CB0123C64F2F0EFFF3A
:106310003C113E4007003F400700B01280634D43F0
:10632000283CB0123C64F2F0EFFF3C113E40070005
:106330003F400700B01280630F4BB012965FB0125F
:10634000E05D7F9315244E4F0E5E0E5E0E5E7FF372
:106350000F5F0F5F0E5F0F4E3F50EE15DF530A00C9
:10636000DF530B00FF9005000B000228B012B26350
:106370005D430E4B0F4AB0126A643A413B413041D3
:106380000B120A1209120B4F094EB0121C4A0C4E86
:106390000A4BB01254B00F4E0F590E4F0F430D4E13
:1063A0000E4F7F400600B012A25E39413A413B4198
:1063B00030410B120A120912094FCF930A000B2029
:1063C0005C4F0B000C5C0C5C5F4F0B000F5F0C5FB5
:1063D0000C5F0C5F133C5C4F0B000C5C0C5C5F4F64
:1063E0000B000F5F0C5F0C5F0C5F5F490A000A4FE8
:1063F000B01270B0C9430A00C9430B000E4C0F49DC
:10640000B0120C6439413A413B4130410B120A123F
:106410000912094F0D4E1E4F08000F4E0F5F0F5F00
:106420000F5F0F5E0F5D0C4F3A400A00B01254B080
:10643000894C080039413A413B4130415F423D11AE
:106440000F5F1F4FC0140E43C2933F1101201E4324
:106450004E930A20D2533D11F2900D003D110220BF
:10646000C2433D11F2533F1130410B120A1209127F
:10647000081207120612CF9302001020824F5419FF
:106480005F4F02000F93D720B0125C40F2E0200073
:106490003100B0127040C2431011CD3C4D93CB245B
:1064A000294FE292DA1559200F49B01254664C4F29
:1064B0005A42DA15B01238B05E92DA154E2C4E936D
:1064C00010205D4283150E4D1E530F4E3EB00080CE
:1064D00002343F5003003FF0FC014E8FC24E831543
:1064E0003A3C4B4E5E92DA15362C37401412064772
:1064F0005A4283155842DA154E4B4F4A0E5F0F4EE3
:106500003EB0008002343F5003003FF0FC030E8F8A
:106510000F4E0F5F0F5E0F5F0D4F0D574E4B4F4AE3
:106520000C4E0C5F0E4C1E530F4E3EB000800234DA
:106530003F5003003FF0FC030E8F0F4E0F5F0F5EC6
:106540000F5F0F56BD4F0000BD4F0200BD4F04004E
:106550005B534B98D12BF253DA155E4283155F42A1
:10656000DA150E5F0F4E3EB0008002343F5003003C
:106570003FF0FC030E8F0F4E0F5F0F5E0F5F0B4F50
:106580003B5014127E420F49B012EA660E4F5F4F25
:1065900004008F105E4E05000FDE8B4F00005E4240
:1065A00083155F42DA150E5F0F4E3EB00080023455
:1065B0003F5003003FF0FC030E8F0F4E0F5F0F5E46
:1065C0000B4F0B5B0F49B012FE66CB4F16125E42AB
:1065D00083155F42DA150E5F0F4E3EB00080023425
:1065E0003F5003003FF0FC030E8F0F4E0F5F0F5E16
:1065F0000B4F0B5B0F49B0120A67CB4F18125E426C
:1066000083155F42DA150E5F0F4E3EB000800234F4
:106610003F5003003FF0FC030E8F0F4E0F5F0F5EE5
:106620000F5F0B4F3B5016120F49B0121667CB4F3E
:106630000100D253DA1536413741384139413A41E8
:106640003B413041B0125C40F2E010003100B0122A
:10665000704030410B120A1209120812094F4A43C6
:106660005A92DA153C2C4E4A5F4283150B4E0B5F53
:106670000F4B3BB0008002343F5003003FF0FC035F
:106680004B8F7E420F49B012EA660E4F5F4F0400F7
:106690008F105E4E05000D4F0DDE4E4B0F4E0F5FFF
:1066A0000F5E0B4F0B5B1D9B141215200F49B01290
:1066B000FE66084B385016125F9B16120C200F49CD
:1066C000B0120A675F9B181206200F49B0121667B6
:1066D0005F98010004245A535A92DA15C42B4F4A8A
:1066E000384139413A413B4130410D4F7E901D00C8
:1066F000042C0F4D3F500C0030410F4330417E427F
:10670000B012EA665F4F060030417E42B012EA6680
:106710005F4F010030417E42B012EA665F4F0700D2
:1067200030410B120A120912081207120612484FC2
:10673000074E464D7FF30F5F8F4388115F42421132
:106740000E4F1E530F4E3EB0008001341F533FF0DA
:10675000FE034E8FC24E42114D433C4088115F42B2
:1067600042110F5F0F5C8F93000013245E424211B1
:106770004F4E12C34F104F114F117FF35F4F6A11ED
:106780003EF007000E9303240F111E83FD231FF319
:1067900012245F4242110E4F1E530F4E3EB0008036
:1067A00001341F533FF0FE034E8FC24E42115D5322
:1067B0006D93D52B023C6D930228E2434211E29384
:1067C00042111D2C5F4242110F5F1B4F88110F4B6E
:1067D000B012905F494F0F4BB012965F0A4F0F4BAC
:1067E000B01232687FF34C4F0D4B0E4A4F49B01236
:1067F000A65F4F9304247F401700B0125A424F48BF
:106800000F9303241F9306240D3C4E460F47B012EE
:106810008A62083C3790581A0520C2934611022418
:10682000C243461136413741384139413A413B4133
:1068300030416F4F7F50F3FF7FF330410B120B4F0E
:106840000F930324B293561902201F430F3CD29397
:10685000DE1503208F430000083C1F425619B0127A
:10686000B65D1F5258198B4F00000F433B4130411A
:106870007E52B012EA660F9301243F5230410B1250
:106880000A12091208120B4F094E4A4C084D3B9050
:1068900063000420F2400C00E015063C3B906800C9
:1068A0000320F2404300E015B0125C40F2E04000EB
:1068B0003100B0127040C293111117205E42E015F2
:1068C0003F40A615B0128A690C4F5A92E015572026
:1068D0000F9355245F42E0150D4F0E480F4CB01238
:1068E000BAAE4F43B0125A424A3CC293BA1414246F
:1068F0005F42561A0F5F3F50A6142E4F8F43000081
:10690000F253BA14D253561AF2900A00561A0220C1
:10691000C243561A0F4E013C0F430B4F0F930320F7
:10692000B01244662C3C5E42E015B0128A690C4FEE
:106930000F9325245F42E0150D4F0E480F4CB01207
:10694000BAAEF2900A006911112C5F4268110F5F14
:106950008F4BC419D2536811F2900A0068110220BB
:10696000C2436811D25369110F43013C1F437FF3A7
:106970004F9305240F4BB012825AB0124A5A0F4956
:10698000384139413A413B4130410D4F7E901D0025
:1069900002280F4330410F4D3F500C0030413F4023
:1069A0001C0030410B120A121A423A115B429A152E
:1069B0007E403F000F4AB01290604E4B0F4AB0121B
:1069C00098604D4F4D930824F24336115F4A0B00F7
:1069D0001E423A11B012DE693A413B413041E29326
:1069E00042110A2C5F4242110F5F8F9E88110420D2
:1069F0005F424211B012226730410B12B0125C406C
:106A00001B428615B01270400F4B3B4130415F4F27
:106A10000A0030410E4F5F4F09008F105E4E080094
:106A20000FDE30410B120A1209124A4F494E4E4FE7
:106A30000F4E0F5F0F5F0F5F0E5E0E5E0F5E0E4F0D
:106A40003E50F2155F4E01006FF20224EEC20100CB
:106A50004F4A0E4F0E5E0E5E0E5E0F5F0F5F0E5FB3
:106A60004C495C8EF015CE49F015DE53F1154C9370
:106A700006244F4C5F5EF2157F53CE4FF2157C908B
:106A80000B0012284F4A0B4F0B5B0B5B0B5B0F5F2E
:106A90000F5F0B5F1E4BEE154F4AB012EE6ACB49EB
:106AA000F015DB43F1151F3C4F4A0E4F0E5E0E5E94
:106AB0000E5E0F5F0F5F0E5F5D4EF1155F4EF215BC
:106AC0000F5D3F90030003347C9003000C284F4A75
:106AD0000E4F0E5E0E5E0E5E0F5F0F5F0E5F1F4E5F
:106AE000EE15B01274A739413A413B4130410D4E89
:106AF0004E4F0E5E0E5E0E5E7FF30F5F0F5F0E5FFA
:106B00000F4E3F50EE158E4DEE15CF430200CF4392
:106B10000300CF430400FF4005000500CF430600FB
:106B20008F43080030414C434D4C0F4D0F5F0F5FBA
:106B30000F5F0E4D0E5E0E5E0F5E5F4FF3155FF33F
:106B400002200F4D30415C537C900A00ED2B3F40FA
:106B5000FF0030410B120A12091208124A4F784303
:106B60000B434C433940EE154F4C0E4F0E5E0E5EFC
:106B70000E5E0F5F0F5F0E5F0D4E3D50F2155F4DC5
:106B800001005FF310245F4D01006FF30C245F4D93
:106B900001007FF208200F4E0F591F4F08000F9B76
:106BA0000228484C0B4F5C537C900A00DD2B4F4A67
:106BB0000B9F02284F48023C3F40FF0038413941BB
:106BC0003A413B4130410B120A120A4FB012386C65
:106BD0005F9204151D24F25304154D4F5F92041566
:106BE000172C3B4082185C4204154F4D0F5F0F5F1E
:106BF0000F5F0E4F0E5B3F508A18BE4F0000BE4F16
:106C00000200BE4F0400BE4F06005D534D9CED2BAD
:106C1000829A56190E20B243561982435819C2431C
:106C20005A19C2435B19D24347117F401800B01272
:106C30005A423A413B4130410B120C4F3F930320E3
:106C40005F420415133C4E435E9204150E2C3B40EC
:106C500082185D4204154F4E0F5F0F5F0F5F0F5B91
:106C60002C9F03245E534E9DF62B4F4E3B413041EB
:106C70000B120B4F3B500C00B01232684D4F6E4B55
:106C80007EF00F004F4E0F5F7EF30F5E4D8F4F4D26
:106C90006F837FF33B4130410B120A1209120A4FF6
:106CA0004B4E0943B012C66C7FF34E4F0F4AB012E1
:106CB000CE5E6F4F4FFB4F9B012019430F49394167
:106CC0003A413B4130413F401A0030410E4FF29073
:106CD0000D003F11112C5F423E110F5F8F4EC0140B
:106CE000D2533E11F2900D003E110220C2433E11DC
:106CF000D2533F110F4330411F4330410B12B012AA
:106D00005C404B4F8293FC142724C2435E15C29310
:106D100010150A240E435F4220007FF201241E4317
:106D20004F4E1FF34F930C200E435F4220005FF342
:106D30007FF34F9301241E434F4E1FF34F930820C0
:106D4000C29310150224F2531015B012686D073C5F
:106D50009243FC14C24310156F42B012A8454F4B2A
:106D6000B01270403B413041A243FC14D2435E1547
:106D70004F43E292291101205F431FF34F930520F7
:106D80006F42B012AA4A4F930320B012986D30415F
:106D90006F42B012324C3041B012BA445D431E42D1
:106DA0006C117F403F00B012AC6D30410B120A12E3
:106DB000091208124A4F084E494DB0125C404B4F21
:106DC0004E434F43B01246454F9305244F4BB012EC
:106DD00070400F43173C4F4BB01270404F4A7FD06A
:106DE0004000C24F8815C24389155F428815B01212
:106DF00072454B4F4F490C4F0D480E434F43B01255
:106E0000A8614F4B384139413A413B4130410B1267
:106E10000B4F1F4288153FF0400011240B4E4E4D82
:106E20005F4288153FF0BF003F903E0012243F9024
:106E30003F000F204D4C0F4BB012F2920A3C4E4DCA
:106E40005F4288153F903E0004204D4C0F4BB0121E
:106E500062923B413041B0127E6EB0129A45B01240
:106E6000BA447F42B0123E4D7F42B0123E4DB01246
:106E70009A456F42B012A845B012FC6C3041F24006
:106E800080FF2D12C2435E15C243FE19C243F5199D
:106E9000C243101530410B12B0125C405B425C19CA
:106EA000B01270404F4B0F5F4E4B0F5E0F5E0F5E88
:106EB0003F502E013FD000400E4F7F401800B012CF
:106EC0005C613B4130410B12B0125C404B4F0E43B2
:106ED000C2930E150424C293081A01241E430F4EB8
:106EE0007FF38F100F5F0F5F0E4F0E5E0F43C29345
:106EF00064150424C293531901241F430F5F0F5FCD
:106F00000F5F0F5F0EDF3ED0E2227F401100B01214
:106F10005C614F4BB01270403B4130410B122182FB
:106F2000B0125C404D4F1F426215C14F00008F10E0
:106F3000C14F01000E412E531F428615CE4F000057
:106F40008F10CE4F01004F4DB01270406C420D417A
:106F50004E433F406801B012C84421523B4130418A
:106F60000B124B4FC29F151104207F400600B01238
:106F70005A424F4B1F930A242F9303340F93042438
:106F80000B3C2F930524083C4F43033C5F43013CDB
:106F90006F43B012A06F013C5F437FF33B41304130
:106FA0000B120A1209124B4F4A43B0125C40494F70
:106FB000E29313112120C29B14111E200F43CF9383
:106FC000E11513201F53FB271F437FF34F930F201F
:106FD000F2431411B012F087C24FFC19D2431311BF
:106FE0007F400500B0125A42063C0F43EE3FF24389
:106FF0001411C24313115A434F49B01270405A93AF
:1070000002200F43013C1F4339413A413B4130418B
:107010004E4F12C34F104F114F114D4F3EF007000E
:107020001F430E9303240F5F1E83FD235FFDE115B5
:107030007FF330412183B0125C404E4F1F42A201CA
:107040005FF37FF34F9306244F4EB01270403F40E2
:107050000500103C9142A0010000E1C30000A241E4
:10706000A001F1F0DFFF0000A241A0014F4EB012DD
:1070700070400F43215330411F9303243F9003007E
:107080001F20F29315111F245F4215111F930C242A
:107090002F9303340F93042430412F930D24304158
:1070A0004F43B012107430411D4240191E42421924
:1070B0004F43B012487230415F43B012C870304144
:1070C0004F4EB01284743041B012DC704F930320E5
:1070D000D24398153041E243981530414D4F7C40E2
:1070E00006007FF33E4058400F9304241F93022470
:1070F0003E404C406F4E3FF00F003F900C000E247E
:107100004F4D0F9303241F930324063C4F43013C30
:107110006F43B0122071013C5F434C4F4F4C3041E4
:107120000B120A120912081221834B4F0A4E7942A0
:107130000E9303203F400600813CB0125C40484F54
:107140005F42DF157FF0200006244F48B0127040E8
:107150003F400500733CB012AA484F9B6B205F4A2A
:1071600001003FF003000F5F0F5F0F5F3DF0E0FF96
:107170000DDF5F4A010012C34F104F113FF00700AF
:107180000F5F0F5F0F5F0F5F0F5F3DF01FFF0DDFA2
:107190003DF0FFFE3DD000026F4A7FF00F007CF013
:1071A000F0FF4CDF6F4A7FF070007CF08FFF4CDF08
:1071B0009142A0010000F1D080FF00005B4A010075
:1071C00012C34B104B114B114B114B115F4A020074
:1071D0001FF30F5F0F5F0F5F4FDBF1F0F0FF010058
:1071E000C1DF01005F4A010012C34F104F114F1160
:1071F0004F114F114B4F5F4A02001FF30F5F0F5F9C
:107200000F5F0FDB4F5F4F5F4F5F4F5FF1F00F007E
:107210000100C1DF0100D243DF15A241A0013DF012
:10722000FF03824DA2017CD080FFC24C80009243BC
:10723000A60149434F48B01270404F49215338418D
:1072400039413A413B4130410B120A1209120812EE
:107250000712474F0C4D0D4E0E4C0F4D0EF30FDE27
:107260000F932F243A40E8030B43B012A6B0824C90
:107270007416824D7616D243ED15C2471611B01220
:10728000AC43824E0A1A824F0C1A4D474F470F9358
:1072900003203E405840023C3E4054404F4D0F9327
:1072A00003205F43B01220714F43B012E6724F9338
:1072B00013205F4216110F930F205F43B0120A484C
:1072C0000B3C824C7416824D7616C243ED15C247B4
:1072D00016114F47B01288730F4337413841394177
:1072E0003A413B4130410B120A124B4FB0125C4005
:1072F0004A4F5F4216110F5F1D4FA4140D930B20D0
:107300008F43FA197F400700B0125A424F4AB01219
:1073100070401F43363C5F4216110E4F0E5E0F4EFB
:107320003F50A4149F4D020000008F9300000520E1
:107330000F4E3F50A4148E4FFA1982436E198243A8
:10734000A214A24D0819824D6E19824DA2144B93BE
:10735000142492420A1AFE1492420C1A0015924208
:1073600074160815924276160A15B012DA4892522F
:1073700074160A1A926276160C1A4F4AB0127040AE
:107380000F433A413B4130410B1221824B4F4F4357
:10739000B012E6724F9339204F4B0F9303203F40BA
:1073A0005840023C3F405440B14F0000B14F0200F2
:1073B000F1F0F9FF0200E1D20200F1F0E7FF020074
:1073C0001D42A2141C4208191E4274164F4B0F9303
:1073D00008200E122E430E515F43B01294852153A4
:1073E000013C5F434F9307204F4B0F930E205F43A9
:1073F000B0120A480A3C1D4208191E42A2144F4B03
:10740000B012BCA47F42B0125A4221523B413041DB
:107410000B120A124B4FB012DC704A4F4F930E20E2
:10742000C24398154F4B0F9303241F930324133C1F
:107430004F43013C6F43B0120A480D3C4F4B0F9332
:1074400003204F43B012606F4F4B0F9304200E4345
:107450004F4AB0125C743A413B4130410B120B4E23
:107460004F9303243B43B0124466C2930D1508208A
:10747000D2430D15C24B71150F4B8F10C24F7015B3
:107480003B413041F29315111B245F4215111F93AC
:107490000C242F9303340F93042430412F930D2495
:1074A00030414F43B012107430411D4240191E420A
:1074B00042194F43B012487230415F43B012C87056
:1074C000304130410B124B4F7FF33E4058401F93E9
:1074D0000B242F9303340F930724043C3E40584061
:1074E0002F9302243E4050406F4E12C34F104F1155
:1074F0004F114F113FF007001F9303243F900500E9
:107500005820F29315111D244F4B1F930A242F93DB
:1075100003340F9304240A3C2F930524073C4F4364
:10752000033C5F43013C6F43B012A06F4F4B1F936E
:107530003A242F9303340F933424553C2F9335244E
:10754000523CC24B1511FEB0800000004F434F6308
:107550007FF30F9302201F43013C2F43B0125A7652
:107560004F934124F24315114F4B1F930A242F933D
:1075700003340F9304240A3C2F930524073C4F4304
:10758000033C5F43013C6F43B012A06F4F4B1F930E
:107590000A242F9303340F930424253C2F930524AE
:1075A000223C4F43033C5F43013C6F43B012EA75FA
:1075B0001A3C4F4B1F930C242F9303340F93042436
:1075C000123C2F930D240F3C4F43B01210740B3C10
:1075D0001D4240191E4242194F43B0124872033CEB
:1075E0005F43B012C8703B4130410B120A124B4F3F
:1075F000B0125C404A4FC29313110D20D2431311B5
:10760000C24BFC197F400500B0125A424F4AB012DB
:1076100070400F431F3C4F4BB01210704F9313201C
:107620004F4B12C34F104F114F114E4F0D4B3DF0AA
:1076300007001F430D9303240F5F1D83FD23CEDF3F
:10764000E1150F43023C3F4005004B4F4F4AB0123B
:1076500070404F4B3A413B4130410B120A120B4FE5
:107660001F426A193F532F930F2C1B926A19032054
:107670007A4009003F3C4F4BB012FC764A4F4F9383
:107680003920824B6A19283C82936A1910204F4B8B
:10769000B012FC764A4F4F932D203D4011000E430F
:1076A0005F43B012A25E2B53824B6A19233C1F42E8
:1076B0006A193F50FBFF2F93142C4F4BB012FC76EE
:1076C0004A4F4F9317201F426A19E2C32C1A824B6C
:1076D0006A195E43B012C2744E430F4BB0127870F9
:1076E000093C0F4B2F53829F6A1902204A43023CE8
:1076F0007A4005004F4A3A413B4130410B12218309
:107700004B4FB0125C404E4F1F42A2015FF37FF31C
:107710004F9306244F4EB01270403F4005001E3C70
:107720009142A0010000E1C30000A241A001F1D0FC
:10773000200000004F4B5F535FF34F5F4F5F4F5F81
:107740004F5F4F5F4F5FF1F0BFFF0000C1DF0000F0
:10775000A241A0014F4EB01270400F4321533B4154
:1077600030410B120A12091208120712094E0A4F71
:107770004B434D4B0D5D0D5D4F4B0F5F0D5F0D5F2F
:107780000D5F0E4D3E50101A5F4E08006FF36424DB
:107790000749084A178D101A187D121A0C470D4810
:1077A0001C8E04001D7E060057285F4E08005FF304
:1077B0000324EEC30800063C9E5E040000009E6E9B
:1077C000060002004F4B2F9330243F9003000534F6
:1077D0000F9310241F931124433C3F9005002B244A
:1077E0003F90060003342F9223243A3C3F9006003A
:1077F0002B24363CB0124882333C1F426A193F901A
:10780000030003242F920B242B3C92436A19F2931A
:10781000151126245F421511B01286A4213CA24303
:107820006A194F43B01284741B3CB0124688183C4E
:10783000B012789C153CC29344111224C293451196
:107840000F247F401800053CF2F0EFFF3C117F4011
:107850001500B0125A42043C5B537B900700892B01
:107860007F400300B0125A423741384139413A4112
:107870003B4130410B120A120912081207120A4E3C
:107880000B4F084C094DB0125C40474F824A8E1195
:10789000824B901182482E1282493012B012AE42B1
:1078A0004F47B01270403741384139413A413B416E
:1078B00030411F42A201B2F0F9FFA201B2F0FCFF79
:1078C000A001B2F0EFFFA0013FF0060082DFA201AD
:1078D00030410F120E120D120C121F42A801B012ED
:1078E00080833C413D413E413F41B1C0F00000003A
:1078F00000130B125F42DF157FF0400003240F439B
:10790000B012BC485F4280003FF00F00B0124E79C9
:107910005F42DF157FF010000F245B435B9246153A
:107920000B2C4F4B5F4F80003FF00F00B0124E7991
:107930005B535B924615F52BB012B2788243A801D7
:107940008243A401F2F0DFFFDF153B4130417FF3BA
:107950003F92262C0F5F104F5A796A7970797679A9
:107960007C7982798A7992799A79D2C337003041C9
:10797000E2C337003041E2C237003041F2C2370083
:107980003041F2F0EFFF37003041F2F0DFFF370017
:107990003041F2F0BFFF37003041F2F07F00370096
:1079A00030414D4F5F4298150F930720C24D50193B
:1079B000824E041A6F42B0125A420F433041D293A2
:1079C00016114624829308190720B012AC43824E48
:1079D0000A1A824F0C1A243C1F42A2148F4E000038
:1079E000A253A2141F4208190F5F1F526E19829FE3
:1079F000A2141A2082937C1509245F4216110F5F8E
:107A00008F43FA197F42B0125A42223C924208191F
:107A1000001A92426E197C157F400900B0125A423A
:107A20005F43B012E672143C92420A1AFE1492426C
:107A30000C1A0015924274160815924276160A1511
:107A4000B012DA48925274160A1A926276160C1A1A
:107A50001F4330410B124B4F82937C1509245F4228
:107A600016110F5F8F43FA197F42B0125A42113C30
:107A700092426E197C151F42A2141F826E190F11BB
:107A8000824F001A7F400900B0125A424F4BB01289
:107A900088730F433B4130410F120E120D120C122E
:107AA0000B125B427E00B012FA7A4F931D24B01283
:107AB000387E7FF30F931820829362190F241F42A0
:107AC00062191F52DA19CF4B00009253DA199292C1
:107AD000DC15DA19092882436219063C4F4BB012B3
:107AE000CCA04F4BB012C4813B413C413D413E4193
:107AF0003F41B1C0F00000000013C29319110220F1
:107B00000F4330411F4330410B120A124A4F4B4E74
:107B10005F425F151F931A242F9303340F9307249A
:107B2000093D2F9358243F9003006324033D4A935B
:107B30002025C2436519C2436419C2430A19C243CE
:107B40006C19C24360158243EA15113D4A93112115
:107B50001F42EA15B012787D824FEA15E2435F15A5
:107B6000C24B6C194F4B3F90440002201F43013C15
:107B70000F434F93DF24F29044006C19DB204E43F7
:107B80005F424D115FF30524E2B24D114F434F6345
:107B9000043CE2B34D114F434F637FF34F931320E7
:107BA0005F424D115FF30324E2D24D11023CE2D358
:107BB0004D11F2F0E7FF4D11F2D24D11C2434F11BA
:107BC000F2434E11023C7E4005000F4E3FF005008F
:107BD0004F93B020CE3C4A93AD20C24E60151F4259
:107BE000EA15B012787D824FEA15F24003005F1566
:107BF000C03CF2930A199E244A934324E2930A1943
:107C000099285E4264194E9303244F4E7F53013CE2
:107C10006F434E4F7FF35F4F66198F100D4F3DF04E
:107C200000FF4E9303244F4E7F53013C6F437FF37D
:107C30005F4F66190DDF1D92EA157C204F43B0128D
:107C4000C27D5C4260155E42E3155F42E2155F5300
:107C50007F90060001284F430D434F9E01201D4396
:107C60004D9368205F42E215CF4CE415D253E215E4
:107C7000F2900600E2150228C243E215B012B45B8E
:107C8000593CE2930A1947285F4265195E4F66190D
:107C90005F424D1112C34F104F114F113FF00300BF
:107CA0001F9305242F9321382F9313241E3CF2F0A9
:107CB000E7FF4D11F2D010004D114F4E0F930320EE
:107CC0007F400500013C4F43C24F4F11C24E4E1141
:107CD0000C3CF29034004F11082C5F424F111F52A0
:107CE0005411CF4E0000D2534F115F4265195F4FC0
:107CF00066193E406519DE530000FE900300000047
:107D00000228CE4300007FF34E4F1F42EA15B01207
:107D1000787D824FEA155F426419CF4B6619D253C2
:107D20006419F290030064190228C2436419D25303
:107D30000A191F3CC2436519C2436419C2435F1547
:107D4000C2430A19C2436C19C24360158243EA1543
:107D5000E2C365115F43B012C27DC2934C1105248A
:107D6000E2425F15B012025D043C4A930224D24302
:107D70005F153A413B4130410C4F4D4E8F104E4FF5
:107D80000F4C7FF38F100C4E0CDF4F4D0CEF4F4C10
:107D900012C34F104F114F114F117FF30CEF0F4CC7
:107DA0007FF38F100F5F0F5F0F5F0F5F0CEF0F4CB4
:107DB0007FF30F5F0F5F0F5F0F5F0F5F0CEF0F4CD5
:107DC00030414E43C2935F1127204F9325205E43DD
:107DD000D2435F11D2424E1160115F424D115FF3E9
:107DE000C24FA215924254116211D2424F11641136
:107DF0005F424D115FE35FF3D2C34D11C2DF4D11FE
:107E00005F424D115FF37FF30F5F924F501154119A
:107E1000F2F0E7FF4D11093C5F424D115FF303247F
:107E2000E2C24D11023CE2C34D114E9304247F4047
:107E30001F00B0125A423041F2900300191103247E
:107E40003F40FF0030415F421A1130410F120E12C5
:107E50000D120C12B012FA7A4F930824B012387E29
:107E60007FF30F9303204F43B01274883C413D4190
:107E70003E413F41B1C0F000000000135F42651178
:107E80005FF30C24D2C36511D242071903151D43B9
:107E90003E4003154F43B0125E5D3041B012969ED6
:107EA00030414E4F7F5083FF6F930A2CD2D3651120
:107EB0007EE02000C24E0719F2407D000315023C0F
:107EC000C24E03151D433E4003154F43B0125E5D85
:107ED0007FF330410F120E120D120C1221835F42FC
:107EE00023005FF225007FF3814F00002F411FF335
:107EF0000D24D2C323009293FC140520A243FC144A
:107F0000B012686D4A3CD2531015473C2F412FF3F5
:107F10000324E2C32300413C2F412FF20324E2C299
:107F200023003B3C2F413FF20324F2C22300353CA7
:107F30002F413FF010001B24F2F0EFFF2300A2427C
:107F40002611F2F0EFFF2500F2F0EFFF23000E43C1
:107F50007F401D00B0125C61B0121C6FB0129A45D8
:107F6000B012BA447F400B00B0125A42163C2F4167
:107F70003FF020000424F2F0DFFF23000E3C2F41ED
:107F80003FF040000424F2F0BFFF2300063C2F41E5
:107F90004F930334F2F07F00230021533C413D41D5
:107FA0003E413F41B1C0F000000000130F12218399
:107FB0005F422B005FF22D007FF3814F00002F41C5
:107FC0001FF30324D2C32B00303C2F412FF3032493
:107FD000E2C32B002A3C2F412FF20324E2C22B00E4
:107FE000243C2F413FF20324F2C22B001E3C2F41C0
:107FF0003FF010000424F2F0EFFF2B00163C2F415D
:108000003FF020000424F2F0DFFF2B000E3C2F4154
:108010003FF040000424F2F0BFFF2B00063C2F414C
:108020004F930334F2F07F002B0021533F41B1C046
:10803000F000000000130F120E120D120C120B12A2
:108040005B427600B012AA804F932624B012B8800B
:108050007FF30F9321208293F81906241F42F81909
:108060001F527415CF4BFFFF92929C157415032C71
:10807000B012E661113CF2F0BFFF00001B42041990
:108080001E42F8191D429C155F4280180F93042070
:108090004C430F4BB0120E6E3B413C413D413E41C3
:1080A0003F41B1C0F00000000013C2932C11022028
:1080B0000F4330411F433041F29003002C11032441
:1080C0003F40FF0030415F422D1130410F120E1230
:1080D0000D120C124E435F4270007FF02000092405
:1080E0005F4270006FF205245F4270005FF301246D
:1080F0005E430F4E1FF34F930524B012AA804F9397
:108100000724043CB012AA804F930224B012B88016
:108110003C413D413E413F41B1C0F00000000013F1
:10812000C2432600C2432E00C2431B00C2431F00AD
:10813000C2433300C2433700C2432100F240E0FF94
:108140002200F24030002900F2407B002A00C243A6
:108150001900F240F1FF1A00F240DDFF1D00F2406D
:10816000FDFF1E00F2433100F2433200C2433500EE
:10817000F2433600C2432500C2432D003D40002893
:108180001E4270011F4270010F8E0D9FFB2FB01217
:10819000F2A10F4330414F930224B0124A5AB01259
:1081A0009E697F827F900C00022CB0124A5A7F4059
:1081B0001B00B0125A42B012E28A4F930224B0124E
:1081C0004A5A30410B124B4FF290030052190728C4
:1081D0005F425219CF4B6C16D2535219333CD29393
:1081E00051192120F290FAFF6E160920F290030037
:1081F00052190520C24F6F16E2425219233C5F42CA
:108200005219CF4B6C16D2535219D2926F16521983
:108210000A207B90FAFF03205F43B0125A42C24308
:108220005219C24351197B90FAFF0C20C293511985
:108230000920F240FAFF6C16F24003005119F24097
:10824000030052193B413041D2930D153920C2939E
:10825000101122207E400C003F400C19B0127068B3
:108260000F930320B0124A5A30413D4066153E40FC
:108270000C00FF4D00001F531E83FB237D400C00AC
:108280003E400C194F43B012A8964F930320D2439F
:108290001011023CB0124466C2430D15C293EC1596
:1082A0000D203D406A156F4D8F105E426B150FDE3D
:1082B0001F53C24F6B158F10CD4F0000C243EC15FA
:1082C0004F43B012EA7530410B120A12091208121C
:1082D0000712061205120412B012AC43094E0A4FDF
:1082E00037433840FF7F4643B2F0EFFF82014B43F4
:1082F0004E4B0E5E0E5E4F4B0F5F0E5F0E5F0E5FBE
:108300000D4E3D50101A5F4D08006FF314240449C0
:10831000054A148E101A157E121A1C4D04001D4DAC
:1083200006000C840D750E4C0F4D0E870F7803342C
:10833000074C084D56435B537B900700D92B46935F
:1083400016240E470F481E830F7305340E490F4A3B
:10835000B01262770C3C82474C1982484E19D243C6
:108360002C120C470D480E490F4AB0127478344154
:10837000354136413741384139413A413B4130413D
:108380000B120A120912218349433F9005000A2C5F
:108390001F42A0017FB080004F434F637FF30F93D4
:1083A000012059435F42DF153FF01F002F926524E3
:1083B0003F90050005341F9309242F932124E53CA9
:1083C0003F92B1243F9010003724DF3CB012F27886
:1083D0001E4240015F42A8111F930A242F930334C9
:1083E0000F930424D23C2F930724CF3C4F43053CEA
:1083F0004F43B012BE79C93C5F43B012A279C53C6D
:108400001E4240015F42A8111F930A242F93033498
:108410000F9304240D3C2F9307240A3C4F43053C43
:108420004F43B012BE79053C5F43B012A279013CC4
:108430005F434F93AA24A73C0D431F42AA110F5F2D
:108440000B4F1B5294154F4D0E4B2B537FF30F5F69
:108450009E4F400100001D535F4246150D9FF32BB8
:10846000825FAA11499304209292AA11BC148D2014
:10847000B012F2788243AA11883C0D431F42AA1120
:108480000F5F0B4F1B5294151F42BC141F82AA1181
:108490003F90110003283A401000043C1A42BC14DB
:1084A0001A82AA114F4D0E4B2B537FF30F5F9E4F35
:1084B000400100001D530D9AF52B825AAA114993D1
:1084C00004209292AA11BC141920B012F2781F4213
:1084D000AA110F5F1D42AA110D8A8243AA115C42A4
:1084E000A8110E4B0E8F499302201D42BC144F4C15
:1084F0001F934B204F43B012547A473C1F42BC1489
:108500001F82AA113F901000402CD1428000000031
:10851000F1D080FF00005F42BC145F82AA117FF39C
:10852000EF418000323C4D431B4294150E4B2B53C0
:108530004F4D0F5F9E4F400100005D534F4D1F9206
:10854000BC14F42B5C42A8111D42BC140F4D0F5FEC
:108550000E4B0E8F499301240D437CF31C930A2488
:108560002C9304340F430C930A24083C0F432C93A0
:108570000624043C4F43B012547A013C0F43824F0F
:1085800094150F930220B012F278215339413A41E9
:108590003B4130410B120A1209120812071206124F
:1085A000051221823B4014000B514A4F094E064DE3
:1085B000084C274B7B420E9308240D9306240C9302
:1085C000042417930224279303203F400600073D0D
:1085D000B0125C40454F5F42DF157FF0200006245B
:1085E0004F45B01270403F400500F93CB012AA4818
:1085F0004F9AF1201EC33890110003283F4003001A
:10860000013C1F430F5F3EF0F9FF0EDF5F490100A1
:108610003FF003000F5F0F5F0F5F3EF0E7FF0EDFDD
:108620005F49010012C34F104F113FF007000F5F69
:108630000F5F0F5F0F5F0F5F3EF01FFF0EDF3EF01B
:10864000FFFE3ED000020F43079301241F433FF07B
:1086500003008F100F5F0F5F3EF0FFF30EDF0C4E35
:108660003CF0FF0F6E497EF00F007FF0F0FF4FDE11
:108670006E497EF070007FF08FFF4FDE7FF07F004D
:10868000C14F02009142A00100000F430793012057
:108690001F434F114F434F10F1F07F000000C1DF27
:1086A00000005D49010012C34D104D114D114D11D7
:1086B0004D115F4902001FF30F5F0F5F0F5F4FDD2A
:1086C000F1F0F0FF0100C1DF01005F49010012C3BA
:1086D0004F104F114F114F114F114D4F5F49020075
:1086E0001FF30F5F0F5F0F5F0FDD4F5F4F5F4F5F38
:1086F0004F5FF1F00F000100C1DF0100E242DF1522
:108700008248BC14824694158243AA11A241A0015A
:10871000824CA2010E430F483F530D4F0E9F0B2C6E
:108720004F4E7FF3DF41020080001E530E9D032C4D
:108730003E900F00F52BF1D080FF02004F4E7FF3EB
:10874000DF41020080001F430E9303240F5F1E834E
:10875000FD23824FA60107933D24F2D04000DF1590
:108760005F49020012C34F100B4F3BF003005F49FB
:10877000020012C34F104F114F110A4F3AF003007D
:108780000F43B012BC483E406001AED20000AEC301
:1087900000002D4E3DF0FFFC0F4B8F103FF000030B
:1087A0000DDF8E4D00002D4E3DF03FFF0F4A0F5F55
:1087B0000F5F0F5F0F5F0F5F0F5F0FDD8E4F0000CA
:1087C000824362010F473F53824F720112C30F1061
:1087D000824F74014B434F45B01270404F4B2152B2
:1087E000354136413741384139413A413B413041C9
:1087F0000B125B4212111B533B90030001200B43F1
:108800004F4BB01210704F9316244E4B4F4B12C368
:108810004F104F114F114D4F0C4E3CF007001F43AE
:108820000C9303240F5F1C83FD23CDCFE115C24BB6
:1088300012114F4B063C5F4212110B9FDC233F404D
:10884000FF003B4130411F426A193F90050004245C
:108850003F90060001243041B01234704F93032042
:1088600082436A1930413D4014000E436F43B012F9
:10887000A25E30414D4FC29F97150F241F425015E5
:10888000824350150C4F1E42941A4F4D0F932120D6
:108890005D430F4CB0127C7E30419292941A92113B
:1088A0000A2C1F4250151F5292116F4F9253921172
:1088B000C24F7F0030411F425015824350150C4F6C
:1088C0001E42941A4F4D0F9304204D430F4CB0128B
:1088D0007C7E30410B120A120B4FB0125C404A4FA3
:1088E000D2437800B012045C5F4B03006FC25FD3C9
:1088F000C24F7800D24B04007900D24B05007A00B9
:108900002F4BC24F7C008F107FF3C24F7D005F4B17
:108910000200C24F7B005F4B06007FF003007F9098
:1089200003000C203F401B00FFD040000000FFD0A0
:1089300080FF0000F2D030000500353C5F4B0600A0
:108940007FF003006F930F20F2F0DFFF05003F4040
:108950001B00FFF0BFFF0000FFD080FF0000F2D03F
:1089600010000500203C5F4B06007FF003005F9382
:108970000F20F2F0EFFF05003F401B00FFF07F00EB
:108980000000FFD040000000F2D0200005000B3CAA
:10899000F2F0CFFF05003F401B00FFF0BFFF0000DB
:1089A000FFF07F000000D2C37800F2F0CFFF030099
:1089B000F2F0CFFF01004F4AB01270403A413B4104
:1089C00030410B12B0125C404B4FD2931A1116205B
:1089D000D293191105207F400A00B0125A42093C77
:1089E000E29319110B20D24203191A11F24003002D
:1089F00019114F4BB01270400F43043C4F4BB01253
:108A000070401F433B4130410B120A124B4FB012D2
:108A10005C404A4FF290030019115C20C29B1A116E
:108A200059204F43F293171101205F431FF34F93D7
:108A30002820F293171110245E4217115F4217117C
:108A4000D24FD8191711F29317110220F2431811BF
:108A50004F4EFF43D819023C3F40FF00C24F03195D
:108A6000F2431A11D24319117F400A00B0125A4240
:108A70004F4B0F932A20D2437800F2F0CFFF010032
:108A8000193CD2431A11C24319114F4B0F931020B6
:108A9000D2437800F2F0CFFF0100F2F0CFFF0500E3
:108AA0003F401B00FFF0BFFF0000FFF07F00000011
:108AB000B012045CF2F0CFFF05003F401B00FFF056
:108AC000BFFF0000FFF07F0000004F4AB01270406F
:108AD0000F43043C4F4AB01270401F433A413B41A0
:108AE00030414F43B0121C5C7FF330415E435F4323
:108AF000B012384B4F930320B012E28C0F3C6E4300
:108B00005F43B01246454F9303243F400900304174
:108B10005E435F43B01246454F9302240F433041FA
:108B20003F40050030410B120A12091208120712C9
:108B3000094F474E0A4F3A502800B0125C40484F48
:108B40006E435F43B01246454F9305204F48B01225
:108B500070401F434A3CB0125C40E2424719B012D9
:108B600070408249A4154F48B012704077500D00F4
:108B7000C94700000D491D535F4D01008F105E492C
:108B800001000FDE3FF02000C94F01008F10CD4FD4
:108B900001005F4D01008F105E4901000FDE3FD0E4
:108BA0004188C94F01008F10CD4F0100CA43040016
:108BB000CA430000CA4301000F4A3F500600CF439A
:108BC0000300CF430200CF4301003C4000800D432F
:108BD0000E4C8E107EF3CA4E0600D2434A195E43F5
:108BE0001F42A415B0121AA50F433741384139412D
:108BF0003A413B4130410B12B0125C405B420E15D2
:108C0000B01270404F4B3B4130410B12B0125C40F0
:108C10004B4FC2938E1A0424B01270401F43113C74
:108C2000D2438E1AA292261104205F43B012324C16
:108C3000043C7F400F00B0125A424F4BB0127040BC
:108C40000F433B4130410B12B0125C404B4FA2939B
:108C500026110424B01270401F432C3CB240030084
:108C600026113E4018007F401D00B0125C61F2F0FA
:108C7000EFFF2500F2F0EFFF2300F2F0EFFF2400FA
:108C8000F2D0100025005F43B0123E4D3E407F02FF
:108C90007F401C00B0125C61B012966EB012C66EBE
:108CA0003E40562A7F401700B0125C614F4BB01215
:108CB00070400F433B4130410B12B0125C404B4FB0
:108CC000A29226110424B01270401F43083C7F403A
:108CD0000300B0123E4D4F4BB01270400F433B416A
:108CE0003041B0125C40829326110424B0127040CF
:108CF0001F43304192432611B0127040B0125C40C5
:108D0000F2D020001D00B0127040B01236443C403A
:108D100014000D43B01290460F4330410B120A125B
:108D2000B0125C404A4FB0129A454F43B012A8456A
:108D30004B4F4F4AB01270404F4B3A413B4130418C
:108D40000B120A120912494F0A4EB0125C404B4FE7
:108D50004E434F43B01246454F9305244F4BB0123C
:108D600070400F43173C4F4BB01270404F497FD0BB
:108D70004000B01272454B4F4F43B01272457FF323
:108D80008F108A4F00004F43B01272457FF38ADF85
:108D900000004F4B39413A413B4130410B124B4FA0
:108DA000F29003002C113A20C29F2D1137204F431F
:108DB000F2932A1101205F431FF34F932020F29377
:108DC0002A1110245E422A115F422A11D24F0F1538
:108DD0002A11F2932A110220F2432B114F4EFF4326
:108DE0000F15023C3F40FF00C24F6916F2432D11A0
:108DF000D2432C117F401200B0125A42043CD2439D
:108E00002D11C2432C114F4B0F930620D2437000FB
:108E1000B0127846D2C370000F43013C1F433B4160
:108E200030414E4FC2932C112324C29F6916262431
:108E30004D4F4C437FF3FF930F150320C29E2B1120
:108E400001205C434F4C3E4005004F930D20F293B0
:108E50002A110320C24D2A11043C5F422B11CF4D31
:108E60000F15C24D2B110E434F4E3FF00500304100
:108E7000D2432C11C24F6916B012844B0F433041BC
:108E80000B120A1209120812071206120512041216
:108E900021828143000081430200054F4443B01208
:108EA00036440D4E0D850C4D0D43084E094F088C70
:108EB000097D1F4232113F90050004243F900600B7
:108EC000BF24E63CB24006003211D2434C15C243E7
:108ED00034116F43B01280441A4272150B4A3B5052
:108EE0002E00CB4803000E480F498E108F104EEF16
:108EF0000EEF7FF3CB4E02000C490D43CB4C01002B
:108F00000E4C8E107EF3CA4E2E001F427215CF9368
:108F10002D0078246F4F7F50FBFF4A4F4F4A7FF35D
:108F20000B4F1B5272156E4B0F430F4E0E437FF3C8
:108F30008F10574B010006430ED60FD75C4B020033
:108F40000D434DEC0DEC8D107CF38C100EDC0FDD21
:108F50005C4B03000D430EDC0FDD0E880F79CB4E0A
:108F600003000C4E0D4F8C108D104CED0CED7DF36D
:108F7000CB4C02000C4F0D43CB4C01000E4C8E101D
:108F80007EF3CB4E0000B012BA446C420D4B4E4AF9
:108F90000F43B012C844B0129A456E4B0F430F4EA8
:108FA0000E437FF38F10D14B01000200C143030039
:108FB000814300002ED11FD102005C4B02000D4303
:108FC0004DEC0DEC8D107CF38C100EDC0FDD5C4B4A
:108FD00003000D430EDC0FDD0E580F69CB4E03006E
:108FE0000C4E0D4F8C108D104CED0CED7DF3CB4CD9
:108FF00002000C4F0D43CB4C01000E4C8E107EF343
:10900000CB4E00001E4272155F4E02008F105E4E66
:1090100001000FDE3FF020000224D243BE147F4047
:109020000300B012A845B2F0EFFF88010E435F4283
:109030001C006FF301241E434F4E1FF34F938320F8
:10904000C2434C155F43B01280441E4272155F4EFE
:1090500002008F105E4E01000FDE3FF020000B2457
:10906000B24007003211B01236443C4000010D43BB
:10907000B0129046033C4F43B012B6470E435F42D6
:109080001C006FF301241E434F4E1FF34F935B24CC
:10909000C29334113A20C2934C153720D2434C1559
:1090A0006F43B01280440E435F421C006FF30124F3
:1090B0001E43444E0B480C49F292F519182C5E429F
:1090C000FE195F42F5190E5F0F4E3EB0008002346C
:1090D0003F5007003FF0F8034E8F4F4E7FF30F5F76
:1090E0000F5F8F4B70198F4C7219D253F519D24301
:1090F000341182458A150E435F421C006FF3012430
:109100001E434F4E1FF34F931E20D2934C151B202E
:10911000C2434C155F43B0128044C24334114493A0
:1091200012200F451F828A153F900A000C2CC29313
:10913000F5190224F253F5198293721504241F4283
:109140007215B012DE472152344135413641374164
:10915000384139413A413B4130411F4232113F9041
:10916000050032243F900600062C3F90030009249E
:109170002F921F2430413F90070022243F92192450
:1091800030410E435F4220007FF0100001241E4357
:109190004F4E1FF34F930A24A2423211B0123644AD
:1091A0003C4007000D43B01290463041B012D84900
:1091B0003041B0128C4A4F931620B0128A4C304185
:1091C0004F43B012B64730417F400900B0123E4DC8
:1091D0005F43B01280447F400300B012A8457F4037
:1091E0000700B012B64730410B12B0125C405B4230
:1091F0003211B01270407BF32B920C243B9005008F
:1092000003342B930424273C3B920724243CB012C4
:10921000DA60253CB0128A4C223CB012BA447F403E
:109220000900B0123E4DB0129A457F400300B012C3
:10923000A845B0125C4092433211B0127040B01297
:109240005C40F24003002411B01270407F400D00DA
:10925000B0125A42043C7F400300B012A8453B4183
:1092600030410B120A12B0129A45B29232111A20F2
:10927000B012BA447F400900B0123E4DB0129A4578
:109280007F400300B012A84592433211B0125C40F7
:10929000F24003002411B01270407F400D00B01264
:1092A0005A42243CC293911A0520A2423211B012B4
:1092B0008A4C1C3C7F400300B012A845B24003001A
:1092C0003211B0121C4A0C4E3A403601B01254B062
:1092D0000F4E3F500B00824FA4111A42A4110B43B2
:1092E000B01236440C4A0D4BB01290463A413B4105
:1092F00030410B120A12091208120712074F1942C5
:109300006C110849E24902151F42FC143F90050008
:1093100056243F900600032C2F930524563D3F9082
:109320000600AA24523DB2400500FC145F4202151B
:109330000E4F1E535F422D120F9E3E380E435F426A
:1093400020007FF201241E434F4E1FF34F93132042
:109350000E435F4220005FF37FF34F9301241E43CF
:109360004F4E1FF34F9307205F422D125F8202156D
:109370007F53C24F2D12F2902A0002151D2CC2936A
:1093800002151224F292021505280F481F533C4083
:1093900007006C3CB2400600FC140E481E535F42AE
:1093A00002150C4F0D4E633CC2435E15B0129A4538
:1093B0006F42B012A845063DB012566E0D3DB24048
:1093C0000600FC14C29364154924C2935319462025
:1093D0005F4902008F105E4901000FDE12C30F10BB
:1093E0000F110F110F110F111FF338240A493A50B2
:1093F00006005F4A01008F105E4906000B4F0BDE2E
:10940000B012FA690B9F08245F4A01008F105E4971
:1094100006000FDE3F9322205F4902008F1059495A
:1094200001000FD93FF007001F931820B0129A4592
:10943000B012BA447F400A00B0123E4DB0129A45B5
:10944000B012BA440E483E525F4202157F50F9FFF7
:109450004D4F7F403F00B012AC6DBE3C0F483F52B5
:109460005E4202157E50F9FF7EF30C4E0D4F0E4307
:109470004F43B012A861B03CB0129A45C293101588
:1094800006206F42B012A845C29310150A240E435D
:109490005F4220007FF201241E434F4E1FF34F9383
:1094A00013200E435F4220005FF37FF34F930124AC
:1094B0001E434F4E1FF34F930724C293F519042404
:1094C000F2900B000215052C1F426C11B012DE4702
:1094D0003E3CD293F51921201A426C115F42FE19CD
:1094E0000F5F0F5F1C4F70191D4F72190B4A3B50D5
:1094F0002E00CB4C03000E4C0F4D8E108F104EEFF4
:109500000EEF7FF3CB4E02000C4D0D43CB4C010010
:109510000E4C8E107EF3CA4E2E005D42FE190E4D8B
:109520001E530F4E3EB0008002343F5007003FF004
:10953000F8014E8FC24EFE19F253F51908241F424E
:109540006C11B012DE47C243FE19C243F5195F42E7
:1095500002150F58CF9300003534079333245F4929
:1095600002008F105B4901004BDF7BF007001E42B9
:109570006C116B932020829372151D241D4272156D
:10958000B290070032111720DE9D03000300132064
:10959000B2F0EFFF88016F4EDD432C007FF30F5ECA
:1095A000DD4FFFFF28006F4F7FF07F00CD4F290078
:1095B0004F43B012B6475B9305207F401300B012B3
:1095C0005A420A3CB012FC6C073CC2435E15B01212
:1095D0009A456F42B012A8453741384139413A4166
:1095E0003B4130410B12B0125C404B4F8243FC14A4
:1095F000B0127E6EB0129A45B0126CA54F4BB012ED
:1096000070400F433B4130410B120A1209120B4FBD
:10961000094E4A4DCF932B000C24B0120E6A7F9056
:109620003F0006204D4A0E490F4BB0123A96013CBE
:109630000F4B39413A413B4130410B120A1209129A
:10964000081207120A4F074E484D0943B012965FA1
:109650000B4FB01262600B9F05240F4AB012965F49
:109660003F9301201943499309240F4AB012905F98
:109670004C480D470E4AB0120EA60C3C0F4AB012D1
:10968000905F0E477FF33F90710006204D480F4AD0
:10969000B01244990E4F013C0E4A0F4E37413841EB
:1096A00039413A413B4130410B120A120912494FEC
:1096B0000A4E4B4D5F423C116FF302202F42583C43
:1096C000B0129E697F824F9B022C2F43513C4F4B1F
:1096D0007F524E4F0F4AB012825F7E420F4AB01245
:1096E000EA660E4F1F420011CE4F05008F10CE4F7D
:1096F00004005F428611D2538611CE4F06000D4EF4
:109700003D5007004F490F9303207F406300013C09
:109710004F43CD4F0000CE4301004F490F5F8F9361
:10972000541903203F400500233C4F490F5F1F4F52
:1097300054198F4A0000CF490200FF401E00030069
:10974000B012CC6C4F9313205F423C116FF209248E
:109750005F423C117FF0100004207F401500B012E2
:109760005A424F490F5F8F4354190F43013C1F4327
:1097700039413A413B4130410B120A120912081299
:1097800021835F423C117FF01000D6200F43C2932B
:109790003F1101201F437FF34F93CE20C293DE156C
:1097A00008200F43B293561901241F437FF34F93B0
:1097B00005240F41B0123C684F9308243D40102708
:1097C0000E437F400600B012A25EB63C5F423D11E0
:1097D0000F5F194FC0142F49B01232684A4F084327
:1097E0002F490B43B01254665F92DA15012C1B43CC
:1097F0004F4B7FF34F930324B0123C64993CC293C8
:10980000DE1542242F497E42B012EA665A4F070005
:109810001E425C152F493D403400FE4F00001E5390
:109820001D83FB231F425C15B01232687F827FF3D9
:109830004E4F1F425C15B01270680B4F1F425C15F3
:10984000B01232684E4A1A425C154C4F7C827EF34D
:109850003E90630004243E90680006240D3C0D4BAE
:109860000E4A3F406300043C0D4B0E4A3F406800E7
:10987000B0127E680E4F013C0E4A824E5C154E437C
:109880002F49B0128A62583C2F492B417E42B012B8
:10989000EA660E4FCF4B03000F4B8F10CE4F0200E6
:1098A0002F497E42B012EA66FFF03F0000002D49CA
:1098B0000C4D1C535F4C01008F105E4D01000FDEFC
:1098C0003FD02000CD4F01008F10CC4F0100F2D2CD
:1098D0003C115F423C115FF37FF34F9309242F4902
:1098E0007E42B012EA66FFD040000000D2C33C11B5
:1098F0002B49CB4806000F488F10CB4F07007E4006
:1099000071000F4BB012FA5E4D4A0E4B4F43B0122E
:10991000025F4F930420F2D010003C110D3C6F9376
:109920000B202B49B0129E694E4F0F4BB012825F35
:109930007F401500B0125A422153384139413A4113
:109940003B4130410B120A120B4F0A437E42B012C8
:10995000EA666F4F7FF080FF7F9080FF01201A43FF
:109960004A930724B2408000481182434A11B01242
:10997000485E0F4BB01216670F4B3A413B413041E6
:109980000B120A1209120812071247434F47CF93CE
:109990006A112E2459434A430B4F084F0858085860
:1099A00008584F495FFB6A111F244F4A4F584D4FCB
:1099B0000F4D0F5F3F5088112E4F8F430000CBC9D2
:1099C0006A110F4E0D9303241D9306240D3C7E4017
:1099D0000300B0128A62083C3E90581A0520C293D8
:1099E00046110224C243461149595A537A92D92B3F
:1099F0005753CC273741384139413A413B413041F7
:109A00000B124B43B293561901205B43B0125C40DA
:109A1000D243DE159242A611561982435819B0124C
:109A200070404B9304247F401500B0125A420F43FC
:109A30003B4130410B120A1209120812071206129A
:109A4000C293DE15A7200743384336434943599252
:109A50000415382C4F490B4F0B5B0B5B0B5B0A4B10
:109A60003A508218BA93020029249A92A611020051
:109A700025241F4B8218B012B65D0E4F1E5A0400EB
:109A80009B92561982180C20064EB0125C40924AE6
:109A900004005819D24A07005B19B01270400E3CFE
:109AA000CA9307000B200D433F903200012C1D4349
:109AB0004D9304240E98022C084E074A595359928C
:109AC0000415C82B3893532436930E24C2935B1984
:109AD00006241F4258193F500A00089F05280F48C6
:109AE0003F500F000F96432C92537E1582638015D2
:109AF0001F425619B012E05D7F930A247FF30E4F88
:109B00000E5E0E5E0E5E0F5F0F5F0E5FFEC2F31500
:109B10002F47B012245E2F47B012E05D4E4F7F9367
:109B20000E247FF30F5F0F5F0F5F7EF30E5E0E5EFE
:109B30000F5E3F50EE15CF430B00CF430A00B0122B
:109B40005C40A2475619924704005819D2470700B3
:109B50005B19B01270400F460F883F901500072820
:109B6000B2408000481182434A11B012485EC2934D
:109B700047110624B29356190B24C29347110820AB
:109B800036930620389304247F401500B0125A42C1
:109B9000C243471136413741384139413A413B418F
:109BA00030410B120A12C293461163201F426A16FB
:109BB000CF4300001E426A161E531F425619CE4F55
:109BC00001008F10CE4F0000C293DE150C241E4200
:109BD0006A163E5003001F425819CE4F01008F10E5
:109BE000CE4F0000233CB293561911201E426A1634
:109BF0003E5003001F425819CE4F01008F10CE4F28
:109C000000001F426A16FFD080FF00000F3C1B427D
:109C10006A163B5003001F425619B012B65D1F5220
:109C20005819CB4F01008F10CB4F00003B40581A02
:109C30007E4005000F4BB01266A64A4F4E4F0F4BA9
:109C4000B012EC5EF2435E1AF2435F1A7E4070007F
:109C50000F4BB012FA5E4D4A0E4B5F43B012025FDB
:109C60004F930320D2434611043C6F920220C2431B
:109C700044113A413B413041C29344113524C293CF
:109C800045113224C2935E1918207F401800B0128B
:109C90005A427F401900B0125A421E4248111F42D8
:109CA0004A111E8248151F724A15D2435E190D4E85
:109CB0000E4F6F42B012A25E30411E4248111F4249
:109CC0004A110E5E0F6F824E4811824F4A113E803C
:109CD00001D03F7007000628B24000D04811B240C2
:109CE00007004A11B012485E30410B120A120912E5
:109CF000081207120612464347434843B0125C401D
:109D00004E4FC2430E1A4943C293021901205943D0
:109D10004B43F292021901205B434A43F29009003F
:109D2000021901205A434B9302204A930724C2434D
:109D300002195F4267160F5FCF4390154F4EB01266
:109D400070404B9302204A931E24D253FD19F29087
:109D5000430084151220B0125C403E40E315E29EA1
:109D6000E2150824DE530000FE90060000000228E1
:109D7000CE430000B0127040053C46434B93012097
:109D800056435743594349935324B0125C405B42B6
:109D90004C11B01270404B930824B0125C40F2405A
:109DA0000A000219B0127040433CB0125C405942A4
:109DB00090155A429215B0127040B0125C404B435D
:109DC000D292E315E21501205B43B01270404F4B75
:109DD0004F93242049932220B0125C404A4FE24323
:109DE00090154943B0125C404B43D292E315E21503
:109DF00001205B43B01270404F4B4F9304205F42F1
:109E0000E315594FE415C24991154F4AB0127040FD
:109E1000F24043008415C2436716093C4F4A7F5302
:109E20006F93062CF24045008415D24367165843C1
:109E300047930A24B0125C40C2465C11B0127040D5
:109E40007F401E00B0125A42F2900A00021903200D
:109E5000B012025D193C48931724B0125C40824353
:109E6000921AC2438215D2430219B0127040B01246
:109E7000445D4F930924B0125C40F240090002197E
:109E8000B0127040B012B45B3641374138413941AD
:109E90003A413B4130410B124B435F4202193F9024
:109EA0000A00842C0F5F104FAA9EAC9FBE9ED49ECA
:109EB000F69E6C9F7E9F949FA29FA69FAC9F5F4241
:109EC0008415B012A27E4B4FF240030002195E428D
:109ED00084150A3C5F42FD19B012A27E4B4FF2403E
:109EE000030002195E42FD191F42921AB012787DDA
:109EF000824F921A5C3C5F4267160F5F5F4F91156D
:109F0000B012A27E4B4F5F4267160F5F5E4F9115F6
:109F10001F42921AB012787D824F921AD253821544
:109F2000D293671620205F425B111F5256116F4F6C
:109F3000D2535B11D2925B115A11042CE243921559
:109F40000F43013C7FF34E4F5F4267160F5FEF9365
:109F500090150924F293821506245F4267160F5F5D
:109F6000CF4E9115243CE2420219213C5F42921AE5
:109F7000B012A27E4B4FF24005000219183C1F425E
:109F8000921A8F107FF3B012A27E4B4FF240060060
:109F900002190D3CB012445D4B4FF240070002190C
:109FA000063CF2420219B012B45B013C5B434B9396
:109FB0000524F24009000219B012B45B3B41304164
:109FC0000B120A120912B0125C405B4260111A4275
:109FD00062115942A215B01270404F4B0F930220EC
:109FE0000F4A013C0F4A0A4FB0125C404E4F4F4996
:109FF0000F5F8F4A501149930324E2C24D11023C76
:10A00000E2C34D11C2435F114F4EB012704039414F
:10A010003A413B4130410B120A1209124B4F0A4E92
:10A02000494D8293581103243F4005004B3CB01228
:10A030005C404E4F4F4B0F9303207F400500013C87
:10A040004F43C24F5B117F900D0005284F4EB01259
:10A0500070402F43373CC2435C11824A5611A243E1
:10A060005811C24B5E11C2435D114D494F4B0F93C6
:10A0700003207D500700013C4D435D525B11C24DF2
:10A080005A114F4EB01270404A43B0125C403E40ED
:10A090009215CE9300000520DE430000C24B9315BD
:10A0A0005A43B01270404A930424B012B45B0F4379
:10A0B000023C3F4005004F9302200F43033C824384
:10A0C00058111F4339413A413B4130414E4F7F9037
:10A0D0007E0003204E435F430F3C7F907D000320B2
:10A0E000E2D3651130415F4265116FF30424E2C38E
:10A0F00065117EE020004F43B012087B3041C293CF
:10A1000066110620829E061A03204F43B012B45AED
:10A1100030410B120A120912081207124A4F094E57
:10A12000484D4F9302241F432A3C7FF30F5F8F93C8
:10A13000061A03243F400500223C4F4A0F5F074F99
:10A140003750061A874E0000C94D0900C2936611A8
:10A1500015245B4E0B000F4EB012665BC24A6611AF
:10A160004C480D490E4F4F4BB012765B4F93042471
:10A17000D2436611874300007FF3013C0F43374110
:10A18000384139413A413B4130410B120A12091220
:10A190000812071247434F47CF93F419222459431B
:10A1A0004A430B4F084F0858085808584F495FFB5F
:10A1B000F41913244F4A4F584D4F0F4D0F5F3F5026
:10A1C000061A2E4F8F430000CBC9F4190F4E0D9382
:10A1D00004207E400300B012DC5949595A537A9248
:10A1E000E52B5753D8273741384139413A413B4154
:10A1F0003041E2D31A00F2D21A00F2D080FF1E00E2
:10A20000F2D010001E00F2D080FF1D00F2D010002E
:10A210001D0003430343F2F0EFFF1D00F2C21900DB
:10A220005F43B012F0524F43B012F0525F43B0128E
:10A23000F0525F43B012F0525F43B012F0524F43FE
:10A24000B012F0524F43B012F0525F43B012F052CE
:10A25000F2D010001D00F2D21900E2D319003041F3
:10A260000B120A12091209433A4000080F490FDA8B
:10A270000B43B012D4525E431F4290013F52824FB3
:10A28000920192C382011F4282011FF3FC270D4BF2
:10A290001B4270014F4E7E535F93EE370F4B0F8D75
:10A2A0003F900104012C09DA0A110A93DF230F49B8
:10A2B0003FF0E0003F90E000022039F0E0FF0F495E
:10A2C000B012D45239413A413B4130417E40050001
:10A2D0001F4262013FF010000A201F4264013FF05C
:10A2E000100005201F4266013FF0100007241F42A6
:10A2F00060013FF000033F9000022B245F42040006
:10A300007FF0C0FF05245F4271007FF02000212014
:10A310005F4205007FF0300005245F4279007FF046
:10A32000200017205F4270005FF314245F42710029
:10A330007FF020000F245F4272007FF020000A248B
:10A340005F4270006FF206245F4270007FF02000D1
:10A3500001246E431F42A0013FF0100018241F4249
:10A36000A2013FF0100006241F42A2013FF20E207E
:10A370004E430D3C1F42A2013FF0000408241F423F
:10A3800060013FF000033F90000201206E434F4EFA
:10A3900030417FF33F923A2C0F5F104F9EA3AEA344
:10A3A000B8A3C2A3CCA3D6A3E4A3F2A300A4D2D3A0
:10A3B0003700D2C336003041E2D33700E2C3360063
:10A3C0003041E2D23700E2C236003041F2D23700EB
:10A3D000F2C236003041F2D010003700F2F0EFFF49
:10A3E00036003041F2D020003700F2F0DFFF3600B7
:10A3F0003041F2D040003700F2F0BFFF360030416C
:10A40000F2D080FF3700F2F07F00360030410B12AF
:10A410000A120B4F82936A1903207A4009002F3CDD
:10A420001F426A193F532F930A2C4A43824B6A19E1
:10A430003D4014000E436F43B012A25E203C1F4209
:10A440006A193F50FDFF2F93132CB01234704A4FFE
:10A450004F9315201F426A19E2C3221A82436A19D8
:10A460005E43B01278704E430F4BB012C274073C7B
:10A47000829B6A1902204A43023C7A4005004F4AF7
:10A480003A413B4130417FF31F930C242F93033417
:10A490000F93042430412F930D2430414F43B012C9
:10A4A000107430411D4240191E4242194F43B012F0
:10A4B000487230415F43B012C87030410B120A122B
:10A4C0000912494F0A4E0B4D2D92022C2F43213C6D
:10A4D000B0125C404C4F0D4A4F490F5F8F93FA19F1
:10A4E00005204F4CB01270401F43133C8A4B0000B4
:10A4F0008A4302004F490F5F0E4F3E50FA192F4E0C
:10A500008F4A00002D538E4D00004F4CB01270400A
:10A510000F4339413A413B4130410B120A120A4F75
:10A520004B4EB0125C40B29232110520B012704016
:10A530003F400300183C929332110424B012704043
:10A540001F43113CA2433211C24B911A824A721529
:10A55000C2438C11B0127040B0128C4A4F9302204B
:10A56000B012DA600F433A413B413041D2C325007B
:10A57000D2C323000F4330410B120A120B4F4A4E35
:10A58000F243021AB0125C400D430E4D0E5E0E5E99
:10A590008E9B94110920CE9A96110420B01270401F
:10A5A0001F43083CC24D021A1D532D92EE3BB012C0
:10A5B00070400F433A413B4130410B120A120912DD
:10A5C00008120A4F494E5B42021A4843B0125C40DF
:10A5D0004E4F7B930324C29B351103205B42351100
:10A5E00058434F4B0F5F0F5F8F4A9411CF4996111D
:10A5F00048930524D2533511F2F0030035114F4E24
:10A60000B0127040384139413A413B4130410B1260
:10A610000A120A4E0E4D7FF33F90700004243F90C3
:10A62000710016241B3C4D4C0F4AB0123AA80F4A39
:10A63000B012706C4E4F0F4AB012CE5E0B4F0F4AE5
:10A64000B012706C4D4F0E4B0F4AB01224AB043C4D
:10A650004D4C0F4AB01210A90E4F013C0E4A0F4E3E
:10A660003A413B4130410B120A12091208120712FB
:10A6700006120512041221830D4F464E0E4F3E5016
:10A680000C00814E00004F467F5003004E4F0F4D8F
:10A69000B012CE5E4E46054F055E3F401A000F8E4B
:10A6A0000C4F3A400300B01254B0474C7C9010005D
:10A6B000022877400F0048434443494348973B2CC6
:10A6C0005E4241114F490F5E1F530C4F3A400A0042
:10A6D000B01270B00B4E4F4E7FF30C4F0C5C0C5C05
:10A6E0000C5C0F5F0F5F0C5F0E4C3E50F2155F4E1F
:10A6F00001005FF31A245F4E01006FF316244F48E8
:10A700000F5F4E480F5E0D450D5F1F4CEE15CD4F90
:10A7100001008F10CD4F00000F4E0F5F0F5E0F55E1
:10A72000DF4CF4150200444B5853595379900A00FA
:10A73000022C4897C52BC24441115F424011D253AD
:10A7400040112E41CE4F01004F487FF00F00CE4FF9
:10A7500000004F480F5F4E480F5E4F566F537FF318
:10A7600021533441354136413741384139413A412D
:10A770003B4130410B120A1209120812071206124D
:10A780000512054F46434E460E5E0E5E0E5E4F4668
:10A790000F5F0F5F0E5F074E3750EE158E95EE156B
:10A7A00040205F4705005FF33C24E7D3050059478D
:10A7B0000300595704005E4703000F430A4E0B4F36
:10A7C0003C40FA000D43B01218B04A490B430C4EFE
:10A7D0000D4FB012A6B05F4706000F5F0F5F0F5F0F
:10A7E0005E4706000F5E4E4C0F5E0C4F3A400A006B
:10A7F000B01270B00F4CC74C0600C7430300C743EC
:10A8000004004C930A247FF33C40C4090A4FB01261
:10A8100070B00E4C3C90FB0001283E430F47B01235
:10A820000C64565376900A00AE2B354136413741C1
:10A83000384139413A413B4130410B120A12091269
:10A8400008120A4F4E4D0F4AB012EC5E0F4AB0127A
:10A85000965F3F935820094A39500C000F4AB012B6
:10A86000146A084F4F435F537F900A00FC2B0F4838
:10A87000B012E05D4B4F7F930820B012266B4B4F18
:10A880007F930A240E48B012EE6A5F4901004E4FD2
:10A890004F4BB012246A373C7F404100B012546BDA
:10A8A0004B4F7F9320200F43FA906A002900012824
:10A8B0001F437FF34F9327240F4AB012706C4E4F03
:10A8C0000F4AB012CE5E0B4F0F4AB012706C4D4F54
:10A8D0000E4B0F4AB0128CAA4F931524B01274ADD0
:10A8E0004B4F7F9310244E4B0F4E0F5F0F5F0F5F48
:10A8F0000E5E0E5E0F5E1F4FEE15B012C66B0E4859
:10A900004F4BB012EE6A384139413A413B41304138
:10A910000B120A1209120812071206120512094F29
:10A920004A4D4543B0121667474F0F49B0120A67A8
:10A930004B4F5B537E420F49B012EA66CF4B01008A
:10A940007A901D00602C0B430F49B01254665F9241
:10A95000DA15012C1B434F4B7FF34F930324533CD9
:10A9600055434F3C5F423F114F934B244A4F4F9307
:10A9700048244F4A7F535F523D117F900D000228BB
:10A980007F50F3FF7FF30F5F1F4FC014284F064324
:10A990007E420F48B012EA660E4F5F4F04008F10E0
:10A9A0005E4E05000B4F0BDE7E420F49B012EA6689
:10A9B0000E4F5F4F04008F105E4E05000FDE0B9FA1
:10A9C0001C200F48B012FE664B4F0F49B012FE66B6
:10A9D0004B9F13200F48B0120A674B4F0F49B0121C
:10A9E0000A674B9F0A200F48B01216674B4F0F495A
:10A9F000B01216674B9F012016434693B1237A533A
:10AA0000B823459302240E49383CC293DE15252411
:10AA10000F49B01232687F827FF34E4F0F49B01258
:10AA200070680A4F0F49B01232684C4F7C824F4712
:10AA30003F90630004243F90680006240C3C0D4ABC
:10AA40000E493F406300043C0D4A0E493F406800F8
:10AA5000B0127E68113C0E49103C0F49B0123268AA
:10AA60007F827FF34E4F0F49B01270680F49B012CA
:10AA700032680F49B01242AC0E4F0F4E354136418D
:10AA80003741384139413A413B4130410B120A12BA
:10AA900009120A4E4B4D4943B012905F7F907000EF
:10AAA0000B207B90050008205F4A01008F105E4A52
:10AAB00002000FDE3F9302200F43303C5F4A030049
:10AAC0008F105E4A04000FDE0F9302201F43263CC6
:10AAD0005F4A03008F105E4A04000EDF0C435F42A2
:10AAE00004150C9F1A34499318200A4F1B4256191B
:10AAF0000F4C0F5F0F5F0F5F0D4F3D5082188F9B04
:10AB0000821806244F491E9D0400012C1FD3494F73
:10AB10001C530C9A02344993EB274F4939413A416F
:10AB20003B4130410B120A12091208120712061299
:10AB30000A4F0B4E7D9005007C200F4AB012146A1C
:10AB4000094F7E4040000F4AB012986C474F5F4B50
:10AB500001008F105E4B02000FDE3F935C245F4BC1
:10AB600003008F105E4B04000FDE0F9325200F496A
:10AB7000B012E05D7F931D20B012266B7F930224FC
:10AB80000E49153C7F400A00B012546B484F7F932A
:10AB900010244E4F0F4E0F5F0F5F0F5F0E5E0E5E65
:10ABA0000F5E1F4FEE15B012C66B0E494F48B01224
:10ABB000EE6A0F49B012245E5F4B03008F105E4BAC
:10ABC00004000D4F0DDE5F4B01008F105E4B020045
:10ABD0000FDE0E4F0F49B01216AE4B47C293431112
:10ABE0001A200F49B012386C5F920415062C7FF3BF
:10ABF0000F5F0F5F0F5FCF478918C2935B19022465
:10AC00004B9305248299561906204B9304247F40C8
:10AC10001800B0125A427E4080FF0F4AB012986C62
:10AC20004F930724B2408000481182434A11B0126A
:10AC3000485E0F4A36413741384139413A413B413C
:10AC400030410B120A1221830B4F0F43C293661639
:10AC500001201F437FF34F9388200F43C293901A24
:10AC600001201F437FF34F938020C293901A142436
:10AC70005F4206190F5F3F50DC192E4F8F430000D3
:10AC8000F253901AD2530619F2900C0006190220C2
:10AC9000C24306190F4E013C0F430E4F0F9365241C
:10ACA000C293661614245F4252150F5F3F506E1117
:10ACB0002D4F8F430000F2536616D2535215F29077
:10ACC0000C0052150220C24352150F4D013C0F4398
:10ACD0000A4F0F934A243D403400CF4300001F53D6
:10ACE0001D83FB233D400C000F4B3F502800CF43FA
:10ACF00000001F531D83FB238E4B0000FE43020008
:10AD0000FE401E0003000F4EB012CC6C4F932D205E
:10AD10000F41B0123C684F931B207E420F4BB01284
:10AD2000EA660E4F5F4F02008F105E4E03000FDE8B
:10AD3000819F00000D28B2408000481182434A11D3
:10AD4000B012485E3E401C003F401C00B0128063C1
:10AD5000E2B3541A4F434F637FF34F9304207F4075
:10AD60001500B0125A420F4A013C0F4B21533A4191
:10AD70003B4130410B120A124B434D434E4D0F4E97
:10AD80000F5F0F5F0F5F0E5E0E5E0F5E0E4F3E5049
:10AD9000F2155F4E01005FF309245F4E01007FF260
:10ADA00005205F4E01006FF301205B535D537D90E2
:10ADB0000A00E42B4B930320293C0F4C293CB01292
:10ADC0001C4A4D4B0C4E0A4DB01254B04B4E4D43E5
:10ADD0004C4D0F4C0F5F0F5F0F5F0E4C0E5E0E5E03
:10ADE0000F5E0E4F3E50F215CE9301000B245F4EC6
:10ADF00001007FF207205F4E01006FF303207B53B9
:10AE00007B93DB275D537D900A00E22B3F40FF00E0
:10AE10003A413B4130410B120A1209120812071243
:10AE20000A4F084E074DB012B65D094F0F4AB012D7
:10AE3000386C4B4F7F900A0002201F43383C5F92D2
:10AE400004151E200F4339903200012C1F434F93ED
:10AE50002D24B0125C404D4F4F4B0F5F0F5F0F5FC3
:10AE60000E4F3E5082188E4A00008E4802008E47D8
:10AE70000400DF438818CF438918D2530415133CCC
:10AE8000B0125C404D4F4F4B0E4F0E5E0E5E0E5E8D
:10AE90000F4E3F5082188F4A00008F4802008F47A4
:10AEA0000400DE4388184F4DB01270400F43374105
:10AEB000384139413A413B4130410B120A120A4FA5
:10AEC0000B4D0D4F0C4E0B935E240F9E5C240F9E7A
:10AED0002B2C0F4E0FDA1FF30E240F4E0FEA1FF329
:10AEE00002202B931C2C0E4B0B8EED4C00001C53A0
:10AEF0001D533E53FA230E4B12C30E100E9305241E
:10AF0000BD4C00002D533E53FB230E4B1EF33B2440
:10AF1000ED4C00001C531D533E53FA23343C0F4E9E
:10AF20001FF32E430E8FE03F0C4E0C5B0D4F0D5B5D
:10AF30000F4C0FDD1FF30F240F4C0FED1FF30320F9
:10AF40003B9003001D2C0E4B0B8E3D533C53ED4CA0
:10AF500000003E53FA230E4B12C30E100E9306242C
:10AF60002C832D83AD4C00003E53FA230E4B1EF371
:10AF70000A243D533C53ED4C00003E53FA23033C5E
:10AF80000E4C1EF3E13F0F4A3A413B4130410B1258
:10AF90000A120912094F0A4E0E4F3D900600082C66
:10AFA0000D932824CE4A00001E533D53FB23223C20
:10AFB0004B4A0B9303240F4B8F100BDF0C491CF3F0
:10AFC00009242F430F8C0C4F0D8FCE4A00001E53C7
:10AFD0003C53FB230C4D12C30C108E4B00002E5320
:10AFE0003C53FB230C4D1CF30524CE4A00001E539A
:10AFF0003C53FB230F4939413A413B41304102DF89
:10B00000FE3F0E430A93072412C30C1001280E5A68
:10B010000A5A0C93F72330410E430F43083C12C3E6
:10B020000D100C1002280E5A0F6B0A5A0B6B0C9362
:10B03000F6230D93F42330414EEE7B400900053C8E
:10B040000D104E6E4E9A01284E8A4C6C0D6D5B832E
:10B05000F72330410EEE3B401100053C0D100E6E03
:10B060000E9A01280E8A0C6C0D6D1B83F72330415C
:10B070000D433CB0008003283CE31C532DD23AB072
:10B08000008003283AE31A533DD2B01254B00D1099
:10B090002DB204283EE31E533CE31C533DB202286C
:10B0A0003CE31C5330410FEF0EEE394021000A3CC7
:10B0B00008100E6E0F6F0F9B052802200E9A0228B3
:10B0C0000E8A0F7B0C6C0D6D08681983F1233041DB
:10B0D0000412051206120712081209120A120B12A4
:10B0E00014411200154114001641160017411800B2
:10B0F000824C30018244380118423A0192423C01AC
:10B100003A0192423E013C01824C340182453801B1
:10B11000824D34018244380119423A0192423C0185
:10B120003A0192423E013C0182453801824C340191
:10B1300082463801824E3401824438011A423A0173
:10B1400092423C013A0182453801824C34018247E7
:10B150003801824D340182463801824F34018244E5
:10B1600038011B423A010C480D490E4A0F4B3B4136
:10B170003A41394138413741364135413441304116
:10B180000100020012A21200841020080300010036
:10B1900000000000FFFF01FFFF000100120084100B
:10B1A000200803000000000000FFFFFF0001010075
:10B1B000060000000000FFFFFF000000000000008C
:10B1C0000000020100000000800000000000FF00FD
:10B1D000AC11E011AC110000000000000000000004
:0AB1E0000000000000000100000064
:10FFE0003A40AC7F4C7E987AD47EC4407840D27838
:10FFF000CC8036803A403A40944D0A413A40004025
:0400000300004000B9
:00000001FF
